C:\Program Files (x86)\Microsoft Visual Studio\2017\Community\Common7\IDE\VC\VCTargets\Microsoft.Cpp.props(31,3): warning MSB4011: "C:\Program Files (x86)\Microsoft Visual Studio\2017\Community\Common7\IDE\VC\VCTargets\Microsoft.Makefile.props" cannot be imported again. It was already imported at "C:\Program Files (x86)\MSBuild\Microsoft.Cpp\v4.0\V140\Microsoft.cpp.props (31,3)". This is most likely a build authoring error. This subsequent import will be ignored. [C:\Users\Chel\Unreal\VRBase\Intermediate\ProjectFiles\VRBase.vcxproj]
C:\Program Files (x86)\Microsoft Visual Studio\2017\Community\Common7\IDE\VC\VCTargets\Microsoft.Cpp.props(31,3): warning MSB4011: "C:\Program Files (x86)\Microsoft Visual Studio\2017\Community\Common7\IDE\VC\VCTargets\Microsoft.Makefile.props" cannot be imported again. It was already imported at "C:\Program Files (x86)\MSBuild\Microsoft.Cpp\v4.0\V140\Microsoft.cpp.props (31,3)". This is most likely a build authoring error. This subsequent import will be ignored. [C:\Users\Chel\Unreal\VRBase\Intermediate\ProjectFiles\UE4.vcxproj]
  Compiling game modules for hot reload
  Performing 14 actions (4 in parallel)
  Input.cpp
  ABaseCharacter.gen.cpp
  ABasePawn.gen.cpp
  ABaseEntity.gen.cpp
c:\users\chel\unreal\vrbase\source\vrbase\ibaseentity\IBaseEntity_flags.h(4): warning C4005: 'BF': macro redefinition
  c:\users\chel\unreal\vrbase\source\vrbase\system\Input.h(8): note: see previous definition of 'BF'
  NLogger.cpp
  AGameRules.gen.cpp
  Globals.cpp
  AGameRules.cpp
  ABasePawn.cpp
  ABaseEntity.cpp
  ABaseCharacter.cpp
  IBaseEntity.cpp
  [13/14] Link UE4Editor-VRBase-5489-Win64-DebugGame.dll
  [14/14] Link UE4Editor-VRBase-5489-Win64-DebugGame.lib
     Creating library C:\Users\Chel\Unreal\VRBase\Intermediate\Build\Win64\UE4Editor\DebugGame\UE4Editor-VRBase-5489-Win64-DebugGame.lib and object C:\Users\Chel\Unreal\VRBase\Intermediate\Build\Win64\UE4Editor\DebugGame\UE4Editor-VRBase-5489-Win64-DebugGame.exp
     Creating library C:\Users\Chel\Unreal\VRBase\Intermediate\Build\Win64\UE4Editor\DebugGame\UE4Editor-VRBase-5489-Win64-DebugGame.suppressed.lib and object C:\Users\Chel\Unreal\VRBase\Intermediate\Build\Win64\UE4Editor\DebugGame\UE4Editor-VRBase-5489-Win64-DebugGame.suppressed.exp
  Deploying VRBaseEditor Win64 DebugGame...
  Total build time: 11.00 seconds (Local executor: 4.17 seconds)
