Log file open, 04/03/18 12:16:27
LogWindows: Failed to load 'aqProf.dll' (GetLastError=126)
LogWindows: File 'aqProf.dll' does not exist
LogWindows: Failed to load 'VSPerf140.dll' (GetLastError=126)
LogWindows: File 'VSPerf140.dll' does not exist
LogWindows: Failed to load 'VtuneApi.dll' (GetLastError=126)
LogWindows: File 'VtuneApi.dll' does not exist
LogWindows: Failed to load 'VtuneApi32e.dll' (GetLastError=126)
LogWindows: File 'VtuneApi32e.dll' does not exist
LogInit: Display: Running engine for game: VRBase
LogPlatformFile: Not using cached read wrapper
LogInit: Display: RandInit(1106375095) SRandInit(1106375095).
LogTaskGraph: Started task graph with 5 named threads and 14 total threads with 3 sets of task threads.
LogStats: Stats thread started at 0.177350
LogD3D11RHI: Aftermath initialized
LogPluginManager: Mounting plugin Paper2D
LogPluginManager: Mounting plugin LightPropagationVolume
LogPluginManager: Mounting plugin CodeLiteSourceCodeAccess
LogPluginManager: Mounting plugin GitSourceControl
LogPluginManager: Mounting plugin KDevelopSourceCodeAccess
LogPluginManager: Mounting plugin NullSourceCodeAccess
LogPluginManager: Mounting plugin PerforceSourceControl
LogPluginManager: Mounting plugin SubversionSourceControl
LogPluginManager: Mounting plugin UObjectPlugin
LogPluginManager: Mounting plugin VisualStudioSourceCodeAccess
LogPluginManager: Mounting plugin XCodeSourceCodeAccess
LogPluginManager: Mounting plugin AssetManagerEditor
LogPluginManager: Mounting plugin AudioCapture
LogPluginManager: Mounting plugin FacialAnimation
LogPluginManager: Mounting plugin GameplayTagsEditor
LogPluginManager: Mounting plugin MobileLauncherProfileWizard
LogPluginManager: Mounting plugin PluginBrowser
LogPluginManager: Mounting plugin SpeedTreeImporter
LogPluginManager: Mounting plugin AlembicImporter
LogPluginManager: Mounting plugin CharacterAI
LogPluginManager: Mounting plugin HTML5Networking
LogPluginManager: Mounting plugin AndroidMedia
LogPluginManager: Mounting plugin AvfMedia
LogPluginManager: Mounting plugin MediaPlayerEditor
LogPluginManager: Mounting plugin WmfMedia
LogPluginManager: Mounting plugin TcpMessaging
LogPluginManager: Mounting plugin UdpMessaging
LogPluginManager: Mounting plugin LevelSequenceEditor
LogPluginManager: Mounting plugin MatineeToLevelSequence
LogPluginManager: Mounting plugin OnlineSubsystemGooglePlay
LogPluginManager: Mounting plugin OnlineSubsystemIOS
LogPluginManager: Mounting plugin OnlineSubsystem
LogPluginManager: Mounting plugin OnlineSubsystemNull
LogPluginManager: Mounting plugin OnlineSubsystemUtils
LogPluginManager: Mounting plugin AndroidDeviceProfileSelector
LogPluginManager: Mounting plugin AndroidMoviePlayer
LogPluginManager: Mounting plugin AndroidPermission
LogPluginManager: Mounting plugin AppleMoviePlayer
LogPluginManager: Mounting plugin ArchVisCharacter
LogPluginManager: Mounting plugin CableComponent
LogPluginManager: Mounting plugin CustomMeshComponent
LogPluginManager: Mounting plugin ExampleDeviceProfileSelector
LogPluginManager: Mounting plugin GoogleCloudMessaging
LogPluginManager: Mounting plugin ImmediatePhysics
LogPluginManager: Mounting plugin IOSDeviceProfileSelector
LogPluginManager: Mounting plugin LinuxDeviceProfileSelector
LogPluginManager: Mounting plugin LocationServicesBPLibrary
LogPluginManager: Mounting plugin MobilePatchingUtils
LogPluginManager: Mounting plugin OculusVR
LogPluginManager: Mounting plugin PhysXVehicles
LogPluginManager: Mounting plugin ProceduralMeshComponent
LogPluginManager: Mounting plugin RuntimePhysXCooking
LogPluginManager: Mounting plugin SteamVR
LogPluginManager: Mounting plugin WindowsMoviePlayer
LogInit: Using libcurl 7.47.1
LogInit:  - built for x86_64-pc-win32
LogInit:  - supports SSL with OpenSSL/1.0.2g
LogInit:  - supports HTTP deflate (compression) using libz 1.2.8
LogInit:  - other features:
LogInit:      CURL_VERSION_SSL
LogInit:      CURL_VERSION_LIBZ
LogInit:      CURL_VERSION_IPV6
LogInit:      CURL_VERSION_ASYNCHDNS
LogInit:      CURL_VERSION_LARGEFILE
LogInit:      CURL_VERSION_IDN
LogInit:  CurlRequestOptions (configurable via config and command line):
LogInit:  - bVerifyPeer = false  - Libcurl will NOT verify peer certificate
LogInit:  - bUseHttpProxy = false  - Libcurl will NOT use HTTP proxy
LogInit:  - bDontReuseConnections = false  - Libcurl will reuse connections
LogInit:  - CertBundlePath = nullptr  - Libcurl will use whatever was configured at build time.
LogInit: Build: ++UE4+Release-4.17-CL-3658906
LogInit: Engine Version: 4.17.2-3658906+++UE4+Release-4.17
LogInit: Compatible Engine Version: 4.17.0-3573198+++UE4+Release-4.17
LogInit: Net CL: 3573198
LogDevObjectVersion: Number of dev versions registered: 16
LogDevObjectVersion:   Dev-Blueprints (B0D832E4-1F89-4F0D-ACCF-7EB736FD4AA2): 10
LogDevObjectVersion:   Dev-Build (E1C64328-A22C-4D53-A36C-8E866417BD8C): 0
LogDevObjectVersion:   Dev-Core (375EC13C-06E4-48FB-B500-84F0262A717E): 2
LogDevObjectVersion:   Dev-Editor (E4B068ED-F494-42E9-A231-DA0B2E46BB41): 20
LogDevObjectVersion:   Dev-Framework (CFFC743F-43B0-4480-9391-14DF171D2073): 28
LogDevObjectVersion:   Dev-Mobile (B02B49B5-BB20-44E9-A304-32B752E40360): 0
LogDevObjectVersion:   Dev-Networking (A4E4105C-59A1-49B5-A7C5-40C4547EDFEE): 0
LogDevObjectVersion:   Dev-Online (39C831C9-5AE6-47DC-9A44-9C173E1C8E7C): 0
LogDevObjectVersion:   Dev-Physics (78F01B33-EBEA-4F98-B9B4-84EACCB95AA2): 0
LogDevObjectVersion:   Dev-Platform (6631380F-2D4D-43E0-8009-CF276956A95A): 0
LogDevObjectVersion:   Dev-Rendering (12F88B9F-8875-4AFC-A67C-D90C383ABD29): 19
LogDevObjectVersion:   Dev-Sequencer (7B5AE74C-D270-4C10-A958-57980B212A5A): 4
LogDevObjectVersion:   Dev-VR (D7296918-1DD6-4BDD-9DE2-64A83CC13884): 0
LogDevObjectVersion:   Dev-LoadTimes (C2A15278-BFE7-4AFE-6C17-90FF531DF755): 1
LogDevObjectVersion:   Private-Geometry (6EACA3D4-40EC-4CC1-B786-8BED09428FC5): 1
LogDevObjectVersion:   Dev-AnimPhys (29E575DD-E0A3-4627-9D10-D276232CDCEA): 7
LogInit: Compiled (64-bit): Sep 22 2017 13:47:16
LogInit: Compiled with Visual C++: 19.00.24215.01
LogInit: Build Configuration: Development
LogInit: Branch Name: ++UE4+Release-4.17
LogInit: Command line: -EpicPortal 
LogInit: Base directory: C:/Program Files/Epic Games/UE_4.17/Engine/Binaries/Win64/
LogInit: Installed Engine Build: 1
LogInit: Presizing for max 8388607 objects, including 0 objects not considered by GC, pre-allocating 0 bytes for permanent pool.
LogInit: Object subsystem initialized
[2018.04.03-16.16.29:376][  0]LogInit: Selected Device Profile: [Windows]
[2018.04.03-16.16.29:376][  0]LogInit: Applying CVar settings loaded from the selected device profile: [Windows]
[2018.04.03-16.16.29:434][  0]LogInit: Computer: MT330D07
[2018.04.03-16.16.29:434][  0]LogInit: User: trunk6
[2018.04.03-16.16.29:434][  0]LogInit: CPU Page size=4096, Cores=4
[2018.04.03-16.16.29:434][  0]LogInit: High frequency timer resolution =3.410074 MHz
[2018.04.03-16.16.29:434][  0]LogMemory: Memory total: Physical=15.9GB (16GB approx)
[2018.04.03-16.16.29:434][  0]LogMemory: Platform Memory Stats for Windows
[2018.04.03-16.16.29:434][  0]LogMemory: Process Physical Memory: 285.52 MB used, 285.52 MB peak
[2018.04.03-16.16.29:434][  0]LogMemory: Process Virtual Memory: 285.92 MB used, 285.92 MB peak
[2018.04.03-16.16.29:434][  0]LogMemory: Physical Memory: 7240.93 MB used,  9065.45 MB free, 16306.39 MB total
[2018.04.03-16.16.29:434][  0]LogMemory: Virtual Memory: 714.43 MB used,  9065.45 MB free, 134217728.00 MB total
[2018.04.03-16.16.29:627][  0]LogInit: Using OS detected language (en-US).
[2018.04.03-16.16.29:627][  0]LogInit: Using OS detected locale (en-US).
[2018.04.03-16.16.29:728][  0]LogTextLocalizationManager: No specific localization for 'en-US' exists, so the 'en' localization will be used.
[2018.04.03-16.16.35:363][  0]LogD3D11RHI: D3D11 adapters:
[2018.04.03-16.16.35:401][  0]LogD3D11RHI:    0. 'NVIDIA GeForce GTX 1080' (Feature Level 11_0)
[2018.04.03-16.16.35:401][  0]LogD3D11RHI:       8086/0/8153 MB DedicatedVideo/DedicatedSystem/SharedSystem, Outputs:2, VendorId:0x10de
[2018.04.03-16.16.35:402][  0]LogD3D11RHI:    1. 'Microsoft Basic Render Driver' (Feature Level 11_0)
[2018.04.03-16.16.35:402][  0]LogD3D11RHI:       0/0/8153 MB DedicatedVideo/DedicatedSystem/SharedSystem, Outputs:0, VendorId:0x1414
[2018.04.03-16.16.35:402][  0]LogD3D11RHI: Chosen D3D11 Adapter: 0
[2018.04.03-16.16.35:408][  0]LogD3D11RHI: Creating new Direct3DDevice
[2018.04.03-16.16.35:408][  0]LogD3D11RHI:     GPU DeviceId: 0x1b80 (for the marketing name, search the web for "GPU Device Id")
[2018.04.03-16.16.35:408][  0]LogWindows: EnumDisplayDevices:
[2018.04.03-16.16.35:408][  0]LogWindows:    0. 'NVIDIA GeForce GTX 1080' (P:1 D:1)
[2018.04.03-16.16.35:409][  0]LogWindows:    1. 'NVIDIA GeForce GTX 1080' (P:0 D:1)
[2018.04.03-16.16.35:409][  0]LogWindows:    2. 'NVIDIA GeForce GTX 1080' (P:0 D:0)
[2018.04.03-16.16.35:409][  0]LogWindows:    3. 'NVIDIA GeForce GTX 1080' (P:0 D:0)
[2018.04.03-16.16.35:409][  0]LogWindows: DebugString: FoundDriverCount:4 
[2018.04.03-16.16.35:409][  0]LogD3D11RHI:     Adapter Name: NVIDIA GeForce GTX 1080
[2018.04.03-16.16.35:409][  0]LogD3D11RHI:   Driver Version: 388.13 (internal:23.21.13.8813, unified:388.13)
[2018.04.03-16.16.35:409][  0]LogD3D11RHI:      Driver Date: 10-27-2017
[2018.04.03-16.16.35:409][  0]LogRHI: Texture pool is 1361 MB (70% of 1945 MB)
[2018.04.03-16.16.35:441][  0]LogD3D11RHI: Async texture creation enabled
[2018.04.03-16.16.35:452][  0]LogD3D11RHI: GPU Timing Frequency: 1000.000000 (Debug: 2 1)
[2018.04.03-16.16.35:496][  0]LogShaderCompilers: Guid format shader working directory is -13 characters bigger than the processId version (../../../../../../Users/Public/Documents/Public Projects/VRBase/Intermediate/Shaders/WorkingDirectory/12336/).
[2018.04.03-16.16.35:496][  0]LogShaderCompilers: Cleaned the shader compiler working directory 'C:/Users/trunk.6/AppData/Local/Temp/11/UnrealShaderWorkingDir/F0D9C7AC452667C50F52708D05D61B47/'.
[2018.04.03-16.16.35:496][  0]LogShaderCompilers: Display: Using Local Shader Compiler.
[2018.04.03-16.16.38:566][  0]LogTemp: Display: Loaded TP AllDesktopTargetPlatform
[2018.04.03-16.16.38:634][  0]LogTemp: Display: Loaded TP MacClientTargetPlatform
[2018.04.03-16.16.38:702][  0]LogTemp: Display: Loaded TP MacNoEditorTargetPlatform
[2018.04.03-16.16.38:771][  0]LogTemp: Display: Loaded TP MacServerTargetPlatform
[2018.04.03-16.16.38:853][  0]LogTemp: Display: Loaded TP MacTargetPlatform
[2018.04.03-16.16.38:921][  0]LogTemp: Display: Loaded TP WindowsClientTargetPlatform
[2018.04.03-16.16.38:996][  0]LogTemp: Display: Loaded TP WindowsNoEditorTargetPlatform
[2018.04.03-16.16.39:067][  0]LogTemp: Display: Loaded TP WindowsServerTargetPlatform
[2018.04.03-16.16.39:128][  0]LogTemp: Display: Loaded TP WindowsTargetPlatform
[2018.04.03-16.16.39:214][  0]LogTemp: Display: Loaded TP AndroidTargetPlatform
[2018.04.03-16.16.39:281][  0]LogTemp: Display: Loaded TP Android_ASTCTargetPlatform
[2018.04.03-16.16.39:346][  0]LogTemp: Display: Loaded TP Android_ATCTargetPlatform
[2018.04.03-16.16.39:411][  0]LogTemp: Display: Loaded TP Android_DXTTargetPlatform
[2018.04.03-16.16.39:476][  0]LogTemp: Display: Loaded TP Android_ETC1TargetPlatform
[2018.04.03-16.16.39:540][  0]LogTemp: Display: Loaded TP Android_ETC2TargetPlatform
[2018.04.03-16.16.39:671][  0]LogTemp: Display: Loaded TP Android_MultiTargetPlatform
[2018.04.03-16.16.39:671][  0]LogTemp: Display: Loaded TP Android_PVRTCTargetPlatform
[2018.04.03-16.16.39:731][  0]LogTemp: Display: Loaded TP HTML5TargetPlatform
[2018.04.03-16.16.39:872][  0]LogTemp: Display: Loaded TP IOSTargetPlatform
[2018.04.03-16.16.39:910][  0]LogTemp: Display: Loaded TP TVOSTargetPlatform
[2018.04.03-16.16.39:975][  0]LogTemp: Display: Loaded TP LinuxClientTargetPlatform
[2018.04.03-16.16.40:062][  0]LogTemp: Display: Loaded TP LinuxNoEditorTargetPlatform
[2018.04.03-16.16.40:138][  0]LogTemp: Display: Loaded TP LinuxServerTargetPlatform
[2018.04.03-16.16.40:215][  0]LogTemp: Display: Loaded TP LinuxTargetPlatform
[2018.04.03-16.16.40:215][  0]LogTargetPlatformManager: Display: Building Assets For Windows
[2018.04.03-16.16.40:902][  0]LogDerivedDataCache: Display: Max Cache Size: 512 MB
[2018.04.03-16.16.41:009][  0]LogDerivedDataCache: Loaded boot cache 0.11s 93MB C:/Users/trunk.6/AppData/Local/UnrealEngine/4.17/DerivedDataCache/Boot.ddc.
[2018.04.03-16.16.41:009][  0]LogDerivedDataCache: Display: Loaded Boot cache: C:/Users/trunk.6/AppData/Local/UnrealEngine/4.17/DerivedDataCache/Boot.ddc
[2018.04.03-16.16.41:009][  0]LogDerivedDataCache: FDerivedDataBackendGraph:  Pak pak cache file ../../../../../../Users/Public/Documents/Public Projects/VRBase/DerivedDataCache/DDC.ddp not found, will not use a pak cache.
[2018.04.03-16.16.41:009][  0]LogDerivedDataCache: Unable to find inner node Pak for hierarchical cache Hierarchy.
[2018.04.03-16.16.41:010][  0]LogDerivedDataCache: FDerivedDataBackendGraph:  CompressedPak pak cache file ../../../../../../Users/Public/Documents/Public Projects/VRBase/DerivedDataCache/Compressed.ddp not found, will not use a pak cache.
[2018.04.03-16.16.41:010][  0]LogDerivedDataCache: Unable to find inner node CompressedPak for hierarchical cache Hierarchy.
[2018.04.03-16.16.41:024][  0]LogDerivedDataCache: Display: Pak cache opened for reading ../../../Engine/DerivedDataCache/Compressed.ddp.
[2018.04.03-16.16.41:037][  0]LogDerivedDataCache: Using Local data cache path C:/Users/trunk.6/AppData/Local/UnrealEngine/Common/DerivedDataCache: Writable
[2018.04.03-16.16.41:068][  0]LogMaterial: Verifying Global Shaders for PCD3D_SM5
[2018.04.03-16.16.41:069][  0]LogSlate: Using Freetype 2.6.0
[2018.04.03-16.16.41:081][  0]LogSlate: SlateFontCache - WITH_FREETYPE: 1, WITH_HARFBUZZ: 1
[2018.04.03-16.16.41:081][  0]LogSlate: SlateFontCache - WITH_FREETYPE: 1, WITH_HARFBUZZ: 1
[2018.04.03-16.16.42:356][  0]LogAssetRegistry: FAssetRegistry took 0.0260 seconds to start up
[2018.04.03-16.16.42:481][  0]LogInit: Selected Device Profile: [Windows]
[2018.04.03-16.16.42:791][  0]LogContentStreaming: Texture pool size is 0.00 MB
[2018.04.03-16.16.43:299][  0]LogSimplygon: Simplygon DLL not present - disabling.
[2018.04.03-16.16.43:355][  0]LogMeshReduction: Using SimplygonSwarm for distributed automatic mesh merging
[2018.04.03-16.16.43:356][  0]LogMeshReduction: Using QuadricMeshReduction for automatic static mesh reduction
[2018.04.03-16.16.43:356][  0]LogMeshReduction: No automatic skeletal mesh reduction module available
[2018.04.03-16.16.43:356][  0]LogMeshReduction: No automatic mesh merging module available
[2018.04.03-16.16.43:356][  0]LogMeshMerging: No automatic mesh merging module available
[2018.04.03-16.16.44:318][  0]LogNetVersion: VRBase , NetCL: 3573198, EngineNetVer: 2, GameNetVer: 0 (Checksum: 4214319049)
[2018.04.03-16.16.44:984][  0]LogPackageLocalizationCache: Processed 5 localized package path(s) for 2 prioritized culture(s) in 0.067234 seconds
[2018.04.03-16.16.44:989][  0]LogUObjectArray: 35825 objects as part of root set at end of initial load.
[2018.04.03-16.16.44:989][  0]LogUObjectAllocator: 7529104 out of 0 bytes used by permanent object pool.
[2018.04.03-16.16.44:989][  0]LogUObjectArray: CloseDisregardForGC: 0/0 objects in disregard for GC pool
[2018.04.03-16.16.45:078][  0]LogInit: WinSock: version 1.1 (2.2), MaxSocks=32767, MaxUdp=65467
[2018.04.03-16.16.54:185][  0]LogTcpMessaging: Initializing TcpMessaging bridge
[2018.04.03-16.16.54:238][  0]LogUdpMessaging: Initializing bridge on interface 0.0.0.0:0 to multicast group 230.0.0.1:6666.
[2018.04.03-16.16.55:496][  0]LogMaterial: Uniform references updated for custom material expression Custom.
[2018.04.03-16.16.56:418][  0]SourceControl: Source control is disabled
[2018.04.03-16.16.56:418][  0]SourceControl: Source control is disabled
[2018.04.03-16.16.56:484][  0]SourceControl: Source control is disabled
[2018.04.03-16.16.56:549][  0]SourceControl: Source control is disabled
[2018.04.03-16.16.57:519][  0]LogAndroidPermission: UAndroidPermissionCallbackProxy::GetInstance
[2018.04.03-16.16.57:854][  0]LogOcInput: OculusInput pre-init called
[2018.04.03-16.16.58:265][  0]LogEngine: Initializing Engine...
[2018.04.03-16.16.58:267][  0]LogHMD: Oculus plugin initialized. Version: 4.17.2-3658906+++UE4+Release-4.17, OVRPlugin: 1.15.0
[2018.04.03-16.16.59:166][  0]LogStats: UGameplayTagsManager::ConstructGameplayTagTree: Construct from data asset -  0.000 s
[2018.04.03-16.16.59:166][  0]LogStats: UGameplayTagsManager::ConstructGameplayTagTree: GameplayTagTreeChangedEvent.Broadcast -  0.000 s
[2018.04.03-16.16.59:343][  0]LogAIModule: Creating AISystem for world Untitled
[2018.04.03-16.16.59:355][  0]LogInit: XAudio2 using 'Speakers / Headphones (Realtek High Definition Audio)' : 2 channels at 48 kHz using 32 bits per sample (channel mask 0x3)
[2018.04.03-16.16.59:479][  0]LogInit: FAudioDevice initialized.
[2018.04.03-16.16.59:639][  0]LogDerivedDataCache: Saved boot cache 0.16s 106MB C:/Users/trunk.6/AppData/Local/UnrealEngine/4.17/DerivedDataCache/Boot.ddc.
[2018.04.03-16.16.59:656][  0]LogInit: Texture streaming: Enabled
[2018.04.03-16.16.59:822][  0]LogEngineSessionManager: EngineSessionManager initialized
[2018.04.03-16.17.00:156][  0]LogInit: Transaction tracking system initialized
[2018.04.03-16.17.00:592][  0]BlueprintLog: New page: Editor Load
[2018.04.03-16.17.01:847][  0]LocalizationService: Localization service is disabled
[2018.04.03-16.17.02:834][  0]LogConsoleResponse: Display: 
[2018.04.03-16.17.03:809][  0]LogCook: Display: Max memory allowance for cook 16384mb min free memory 0mb
[2018.04.03-16.17.03:809][  0]LogCook: Display: Mobile HDR setting 1
[2018.04.03-16.17.03:809][  0]LogGameplayTags: Display: UGameplayTagsManager::DoneAddingNativeTags. DelegateIsBound: 0
[2018.04.03-16.17.04:835][  0]LogFileCache: Scanning file cache for directory 'C:/Users/Public/Documents/Public Projects/VRBase/Content/' took 0.02s
[2018.04.03-16.17.05:390][  0]SourceControl: Source control is disabled
[2018.04.03-16.17.05:390][  0]Cmd: MAP LOAD FILE="../../../../../../Users/Public/Documents/Public Projects/VRBase/Content/VirtualRealityBP/Maps/MotionControllerMap.umap" TEMPLATE=0 SHOWPROGRESS=1 FEATURELEVEL=3
[2018.04.03-16.17.05:407][  0]LightingResults: New page: Lighting Build
[2018.04.03-16.17.05:463][  0]MapCheck: New page: Map Check
[2018.04.03-16.17.05:463][  0]LightingResults: New page: Lighting Build
[2018.04.03-16.17.07:533][  0]LogAIModule: Creating AISystem for world MotionControllerMap
[2018.04.03-16.17.07:542][  0]LogEditorServer: Finished looking for orphan Actors (0.000 secs)
[2018.04.03-16.17.07:568][  0]Cmd: MAP CHECKDEP NOCLEARLOG
[2018.04.03-16.17.07:640][  0]MapCheck: Map check complete: 0 Error(s), 0 Warning(s), took 71.574ms to complete.
[2018.04.03-16.17.07:640][  0]LogFileHelpers: Loading map 'MotionControllerMap' took 2.250
[2018.04.03-16.17.07:952][  0]LogCollectionManager: Loaded 0 collections in 0.002502 seconds
[2018.04.03-16.17.08:059][  0]LogFileCache: Scanning file cache for directory 'C:/Users/Public/Documents/Public Projects/VRBase/Saved/Collections/' took 0.01s
[2018.04.03-16.17.08:059][  0]LogFileCache: Scanning file cache for directory 'C:/Users/Public/Documents/Public Projects/VRBase/Content/Developers/trunk6/Collections/' took 0.01s
[2018.04.03-16.17.08:059][  0]LogFileCache: Scanning file cache for directory 'C:/Users/Public/Documents/Public Projects/VRBase/Content/Collections/' took 0.01s
[2018.04.03-16.17.08:059][  0]LogCollectionManager: Rebuilt the GUID cache for 0 collections in 0.000001 seconds
[2018.04.03-16.17.08:072][  0]LogContentBrowser: Native class hierarchy populated in 0.0128 seconds. Added 2391 classes and 506 folders.
[2018.04.03-16.17.08:226][  0]LogContentBrowser: Native class hierarchy updated for 'WidgetCarousel' in 0.0052 seconds. Added 0 classes and 0 folders.
[2018.04.03-16.17.09:424][  0]LogContentBrowser: Native class hierarchy updated for 'AddContentDialog' in 0.0062 seconds. Added 0 classes and 0 folders.
[2018.04.03-16.17.09:519][  0]LogContentBrowser: Native class hierarchy updated for 'SceneOutliner' in 0.0066 seconds. Added 1 classes and 2 folders.
[2018.04.03-16.17.11:869][  0]LogSlate: Took 0.000255 seconds to synchronously load lazily loaded font '../../../Engine/Content/Slate/Fonts/Roboto-Regular.ttf' (155K)
[2018.04.03-16.17.11:871][  0]LogSlate: Took 0.000255 seconds to synchronously load lazily loaded font '../../../Engine/Content/Slate/Fonts/Roboto-Bold.ttf' (160K)
[2018.04.03-16.17.11:898][  0]LogSlate: Took 0.020097 seconds to synchronously load lazily loaded font '../../../Engine/Content/Editor/Slate/Fonts/FontAwesome.ttf' (139K)
[2018.04.03-16.17.12:242][  0]LogTemp: Executing iPhonePackager certificates Engine -bundlename com.YourCompany.VRBase
[2018.04.03-16.17.12:242][  0]LogTemp: CWD: C:\Program Files\Epic Games\UE_4.17\Engine\Binaries\DotNET\IOS
[2018.04.03-16.17.12:242][  0]LogTemp: Initial Dir: C:\Program Files\Epic Games\UE_4.17
[2018.04.03-16.17.12:242][  0]LogTemp: Env CWD: C:\Program Files\Epic Games\UE_4.17\Engine\Binaries\DotNET\IOS
[2018.04.03-16.17.12:242][  0]LogTemp: BranchPath = MT330D07/C/Program Files/Epic Games/UE_4.17/Engine/Binaries --- GameBranchPath = MT330D07/C/Program Files/Epic Games/UE_4.17/Engine/Binaries
[2018.04.03-16.17.12:242][  0]LogRenderer: Reallocating scene render targets to support 1040x652 Format 26 NumSamples 1 (Frame:1).
[2018.04.03-16.17.12:602][  0]LogTemp: IPP ERROR: Could not find provision directory 'C:\Users\trunk.6\AppData\Local/Apple Computer/MobileDevice/Provisioning Profiles/'.
[2018.04.03-16.17.12:683][  0]LogContentBrowser: Native class hierarchy updated for 'HierarchicalLODOutliner' in 0.0061 seconds. Added 1 classes and 2 folders.
[2018.04.03-16.17.12:683][  0]LogLoad: (Engine Initialization) Total time: 47.43 seconds
[2018.04.03-16.17.12:683][  0]LogLoad: (Engine Initialization) Total Blueprint compile time: 0.00 seconds
[2018.04.03-16.17.12:683][  0]LogExternalProfiler: No external profilers were discovered.  External profiling features will not be available.
[2018.04.03-16.17.12:693][  0]LogWindowsTextInputMethodSystem: Display: IME system now deactivated.
[2018.04.03-16.17.12:699][  0]LogOcInput: OculusInput is initialized
[2018.04.03-16.17.12:729][  0]LogContentStreaming: Texture pool size now 1000 MB
[2018.04.03-16.17.12:816][  1]LogAssetRegistry: Asset discovery search completed in 30.4819 seconds
[2018.04.03-16.17.12:817][  1]LogCollectionManager: Rebuilt the object cache for 0 collections in 0.000001 seconds (found 0 objects)
[2018.04.03-16.17.12:817][  1]LogCollectionManager: Fixed up redirectors for 0 collections in 0.000040 seconds (updated 0 objects)
[2018.04.03-16.17.50:894][549]LogEditor: Attempting to add actor of class 'BaseEntity' to level at -490.00,130.00,200.00
[2018.04.03-16.17.51:220][587]LogEditor: Attempting to add actor of class 'BaseEntity' to level at -460.00,10.00,200.00
[2018.04.03-16.17.55:168][ 56]LogTemp: Repeating last play command: Simulate
[2018.04.03-16.17.55:236][ 56]LogBlueprintUserMessages: Early PlayInEditor Detection: Level '/Game/VirtualRealityBP/Maps/MotionControllerMap.MotionControllerMap:PersistentLevel' has LevelScriptBlueprint '/Game/VirtualRealityBP/Maps/MotionControllerMap.MotionControllerMap:PersistentLevel.MotionControllerMap' with GeneratedClass '/Game/VirtualRealityBP/Maps/MotionControllerMap.MotionControllerMap_C' with ClassGeneratedBy '/Game/VirtualRealityBP/Maps/MotionControllerMap.MotionControllerMap:PersistentLevel.MotionControllerMap'
[2018.04.03-16.17.55:236][ 56]LogPlayLevel: PlayLevel: No blueprints needed recompiling
[2018.04.03-16.17.55:293][ 56]PIE: New page: SIE session: MotionControllerMap (Apr 3, 2018, 8:17:55 AM)
[2018.04.03-16.17.55:293][ 56]LogPlayLevel: Creating play world package: /Game/VirtualRealityBP/Maps/UEDPIE_0_MotionControllerMap
[2018.04.03-16.17.55:470][ 56]LogPlayLevel: PIE: StaticDuplicateObject took: (0.177341s)
[2018.04.03-16.17.55:471][ 56]LogAIModule: Creating AISystem for world MotionControllerMap
[2018.04.03-16.17.55:471][ 56]LogPlayLevel: PIE: World Init took: (0.000817s)
[2018.04.03-16.17.55:471][ 56]LogPlayLevel: PIE: Created PIE world by copying editor world from /Game/VirtualRealityBP/Maps/MotionControllerMap.MotionControllerMap to /Game/VirtualRealityBP/Maps/UEDPIE_0_MotionControllerMap.MotionControllerMap (0.178453s)
[2018.04.03-16.17.55:489][ 56]LogInit: XAudio2 using 'Speakers / Headphones (Realtek High Definition Audio)' : 2 channels at 48 kHz using 32 bits per sample (channel mask 0x3)
[2018.04.03-16.17.55:507][ 56]LogInit: FAudioDevice initialized.
[2018.04.03-16.17.55:551][ 56]LogUObjectGlobals: Warning: Failed to find object 'Class None.'
[2018.04.03-16.17.55:551][ 56]LogLoad: Game class is 'GameModeBase'
[2018.04.03-16.17.55:562][ 56]LogWorld: Bringing World /Game/VirtualRealityBP/Maps/UEDPIE_0_MotionControllerMap.MotionControllerMap up for play (max tick rate 0) at 2018.04.03-12.17.55
[2018.04.03-16.17.55:583][ 56]LogWorld: Bringing up level for play took: 0.022100
[2018.04.03-16.17.55:601][ 56]LogGameMode: FindPlayerStart: PATHS NOT DEFINED or NO PLAYERSTART with positive rating
[2018.04.03-16.17.55:683][ 56]LogContentBrowser: Native class hierarchy updated for 'MovieSceneCapture' in 0.0059 seconds. Added 11 classes and 0 folders.
[2018.04.03-16.17.55:712][ 56]PIE: Play in editor start time for /Game/VirtualRealityBP/Maps/UEDPIE_0_MotionControllerMap -0.132
[2018.04.03-16.17.55:781][ 56]LogBlueprintUserMessages: Late PlayInEditor Detection: Level '/Game/VirtualRealityBP/Maps/MotionControllerMap.MotionControllerMap:PersistentLevel' has LevelScriptBlueprint '/Game/VirtualRealityBP/Maps/MotionControllerMap.MotionControllerMap:PersistentLevel.MotionControllerMap' with GeneratedClass '/Game/VirtualRealityBP/Maps/MotionControllerMap.MotionControllerMap_C' with ClassGeneratedBy '/Game/VirtualRealityBP/Maps/MotionControllerMap.MotionControllerMap:PersistentLevel.MotionControllerMap'
[2018.04.03-16.18.01:043][671]LogBlueprintUserMessages: Early EndPlayMap Detection: Level '/Game/VirtualRealityBP/Maps/MotionControllerMap.MotionControllerMap:PersistentLevel' has LevelScriptBlueprint '/Game/VirtualRealityBP/Maps/MotionControllerMap.MotionControllerMap:PersistentLevel.MotionControllerMap' with GeneratedClass '/Game/VirtualRealityBP/Maps/MotionControllerMap.MotionControllerMap_C' with ClassGeneratedBy '/Game/VirtualRealityBP/Maps/MotionControllerMap.MotionControllerMap:PersistentLevel.MotionControllerMap'
[2018.04.03-16.18.01:084][671]LogBlueprintUserMessages: Late EndPlayMap Detection: Level '/Game/VirtualRealityBP/Maps/MotionControllerMap.MotionControllerMap:PersistentLevel' has LevelScriptBlueprint '/Game/VirtualRealityBP/Maps/MotionControllerMap.MotionControllerMap:PersistentLevel.MotionControllerMap' with GeneratedClass '/Game/VirtualRealityBP/Maps/MotionControllerMap.MotionControllerMap_C' with ClassGeneratedBy '/Game/VirtualRealityBP/Maps/MotionControllerMap.MotionControllerMap:PersistentLevel.MotionControllerMap'
[2018.04.03-16.19.25:876][ 55]LogHotReload: New module detected: UE4Editor-VRBase-2465-Win64-DebugGame.dll
[2018.04.03-16.19.26:281][ 57]LogHotReload: Starting Hot-Reload from IDE
[2018.04.03-16.19.26:344][ 57]LogSlate: Took 0.057090 seconds to synchronously load lazily loaded font '../../../Engine/Content/Slate/Fonts/Roboto-Light.ttf' (159K)
[2018.04.03-16.19.26:460][ 57]LogContentBrowser: Native class hierarchy updated for 'VRBase' in 0.0053 seconds. Added 5 classes and 6 folders.
[2018.04.03-16.19.26:462][ 57]Display: HotReload successful (0 functions remapped  0 scriptstructs remapped)
[2018.04.03-16.19.26:611][ 57]LogContentBrowser: Native class hierarchy populated in 0.0136 seconds. Added 2393 classes and 510 folders.
[2018.04.03-16.19.26:645][ 57]Display: HotReload took  0.4s.
[2018.04.03-16.19.57:011][386]LogTemp: Repeating last play command: Simulate
[2018.04.03-16.19.57:026][386]LogBlueprintUserMessages: Early PlayInEditor Detection: Level '/Game/VirtualRealityBP/Maps/MotionControllerMap.MotionControllerMap:PersistentLevel' has LevelScriptBlueprint '/Game/VirtualRealityBP/Maps/MotionControllerMap.MotionControllerMap:PersistentLevel.MotionControllerMap' with GeneratedClass '/Game/VirtualRealityBP/Maps/MotionControllerMap.MotionControllerMap_C' with ClassGeneratedBy '/Game/VirtualRealityBP/Maps/MotionControllerMap.MotionControllerMap:PersistentLevel.MotionControllerMap'
[2018.04.03-16.19.57:026][386]LogPlayLevel: PlayLevel: No blueprints needed recompiling
[2018.04.03-16.19.57:027][386]PIE: New page: SIE session: MotionControllerMap (Apr 3, 2018, 8:19:57 AM)
[2018.04.03-16.19.57:027][386]LogPlayLevel: Creating play world package: /Game/VirtualRealityBP/Maps/UEDPIE_0_MotionControllerMap
[2018.04.03-16.19.57:510][386]LogPlayLevel: PIE: StaticDuplicateObject took: (0.482772s)
[2018.04.03-16.19.57:510][386]LogAIModule: Creating AISystem for world MotionControllerMap
[2018.04.03-16.19.57:511][386]LogPlayLevel: PIE: World Init took: (0.000806s)
[2018.04.03-16.19.57:511][386]LogPlayLevel: PIE: Created PIE world by copying editor world from /Game/VirtualRealityBP/Maps/MotionControllerMap.MotionControllerMap to /Game/VirtualRealityBP/Maps/UEDPIE_0_MotionControllerMap.MotionControllerMap (0.483853s)
[2018.04.03-16.19.57:528][386]LogInit: XAudio2 using 'Speakers / Headphones (Realtek High Definition Audio)' : 2 channels at 48 kHz using 32 bits per sample (channel mask 0x3)
[2018.04.03-16.19.57:544][386]LogInit: FAudioDevice initialized.
[2018.04.03-16.19.57:576][386]LogUObjectGlobals: Warning: Failed to find object 'Class None.'
[2018.04.03-16.19.57:576][386]LogLoad: Game class is 'GameModeBase'
[2018.04.03-16.19.57:578][386]LogWorld: Bringing World /Game/VirtualRealityBP/Maps/UEDPIE_0_MotionControllerMap.MotionControllerMap up for play (max tick rate 0) at 2018.04.03-12.19.57
[2018.04.03-16.19.57:579][386]LogWorld: Bringing up level for play took: 0.002045
[2018.04.03-16.19.57:579][386]LogGameMode: FindPlayerStart: PATHS NOT DEFINED or NO PLAYERSTART with positive rating
[2018.04.03-16.19.57:582][386]PIE: Play in editor start time for /Game/VirtualRealityBP/Maps/UEDPIE_0_MotionControllerMap -0.262
[2018.04.03-16.19.57:590][386]LogBlueprintUserMessages: Late PlayInEditor Detection: Level '/Game/VirtualRealityBP/Maps/MotionControllerMap.MotionControllerMap:PersistentLevel' has LevelScriptBlueprint '/Game/VirtualRealityBP/Maps/MotionControllerMap.MotionControllerMap:PersistentLevel.MotionControllerMap' with GeneratedClass '/Game/VirtualRealityBP/Maps/MotionControllerMap.MotionControllerMap_C' with ClassGeneratedBy '/Game/VirtualRealityBP/Maps/MotionControllerMap.MotionControllerMap:PersistentLevel.MotionControllerMap'
[2018.04.03-16.20.08:665][714]LogBlueprintUserMessages: Early EndPlayMap Detection: Level '/Game/VirtualRealityBP/Maps/MotionControllerMap.MotionControllerMap:PersistentLevel' has LevelScriptBlueprint '/Game/VirtualRealityBP/Maps/MotionControllerMap.MotionControllerMap:PersistentLevel.MotionControllerMap' with GeneratedClass '/Game/VirtualRealityBP/Maps/MotionControllerMap.MotionControllerMap_C' with ClassGeneratedBy '/Game/VirtualRealityBP/Maps/MotionControllerMap.MotionControllerMap:PersistentLevel.MotionControllerMap'
[2018.04.03-16.20.08:702][714]LogBlueprintUserMessages: Late EndPlayMap Detection: Level '/Game/VirtualRealityBP/Maps/MotionControllerMap.MotionControllerMap:PersistentLevel' has LevelScriptBlueprint '/Game/VirtualRealityBP/Maps/MotionControllerMap.MotionControllerMap:PersistentLevel.MotionControllerMap' with GeneratedClass '/Game/VirtualRealityBP/Maps/MotionControllerMap.MotionControllerMap_C' with ClassGeneratedBy '/Game/VirtualRealityBP/Maps/MotionControllerMap.MotionControllerMap:PersistentLevel.MotionControllerMap'
[2018.04.03-16.20.12:600][178]LogTemp: Repeating last play command: Simulate
[2018.04.03-16.20.12:614][178]LogBlueprintUserMessages: Early PlayInEditor Detection: Level '/Game/VirtualRealityBP/Maps/MotionControllerMap.MotionControllerMap:PersistentLevel' has LevelScriptBlueprint '/Game/VirtualRealityBP/Maps/MotionControllerMap.MotionControllerMap:PersistentLevel.MotionControllerMap' with GeneratedClass '/Game/VirtualRealityBP/Maps/MotionControllerMap.MotionControllerMap_C' with ClassGeneratedBy '/Game/VirtualRealityBP/Maps/MotionControllerMap.MotionControllerMap:PersistentLevel.MotionControllerMap'
[2018.04.03-16.20.12:614][178]LogPlayLevel: PlayLevel: No blueprints needed recompiling
[2018.04.03-16.20.12:614][178]PIE: New page: SIE session: MotionControllerMap (Apr 3, 2018, 8:20:12 AM)
[2018.04.03-16.20.12:614][178]LogPlayLevel: Creating play world package: /Game/VirtualRealityBP/Maps/UEDPIE_0_MotionControllerMap
[2018.04.03-16.20.12:624][178]LogPlayLevel: PIE: StaticDuplicateObject took: (0.009721s)
[2018.04.03-16.20.12:625][178]LogAIModule: Creating AISystem for world MotionControllerMap
[2018.04.03-16.20.12:625][178]LogPlayLevel: PIE: World Init took: (0.000629s)
[2018.04.03-16.20.12:625][178]LogPlayLevel: PIE: Created PIE world by copying editor world from /Game/VirtualRealityBP/Maps/MotionControllerMap.MotionControllerMap to /Game/VirtualRealityBP/Maps/UEDPIE_0_MotionControllerMap.MotionControllerMap (0.010584s)
[2018.04.03-16.20.12:641][178]LogInit: XAudio2 using 'Speakers / Headphones (Realtek High Definition Audio)' : 2 channels at 48 kHz using 32 bits per sample (channel mask 0x3)
[2018.04.03-16.20.12:657][178]LogInit: FAudioDevice initialized.
[2018.04.03-16.20.12:688][178]LogUObjectGlobals: Warning: Failed to find object 'Class None.'
[2018.04.03-16.20.12:688][178]LogLoad: Game class is 'GameModeBase'
[2018.04.03-16.20.12:691][178]LogWorld: Bringing World /Game/VirtualRealityBP/Maps/UEDPIE_0_MotionControllerMap.MotionControllerMap up for play (max tick rate 0) at 2018.04.03-12.20.12
[2018.04.03-16.20.12:691][178]LogWorld: Bringing up level for play took: 0.002041
[2018.04.03-16.20.12:691][178]LogGameMode: FindPlayerStart: PATHS NOT DEFINED or NO PLAYERSTART with positive rating
[2018.04.03-16.20.12:694][178]PIE: Play in editor start time for /Game/VirtualRealityBP/Maps/UEDPIE_0_MotionControllerMap 0.85
[2018.04.03-16.20.12:702][178]LogBlueprintUserMessages: Late PlayInEditor Detection: Level '/Game/VirtualRealityBP/Maps/MotionControllerMap.MotionControllerMap:PersistentLevel' has LevelScriptBlueprint '/Game/VirtualRealityBP/Maps/MotionControllerMap.MotionControllerMap:PersistentLevel.MotionControllerMap' with GeneratedClass '/Game/VirtualRealityBP/Maps/MotionControllerMap.MotionControllerMap_C' with ClassGeneratedBy '/Game/VirtualRealityBP/Maps/MotionControllerMap.MotionControllerMap:PersistentLevel.MotionControllerMap'
[2018.04.03-16.20.23:712][467]LogBlueprintUserMessages: Early EndPlayMap Detection: Level '/Game/VirtualRealityBP/Maps/MotionControllerMap.MotionControllerMap:PersistentLevel' has LevelScriptBlueprint '/Game/VirtualRealityBP/Maps/MotionControllerMap.MotionControllerMap:PersistentLevel.MotionControllerMap' with GeneratedClass '/Game/VirtualRealityBP/Maps/MotionControllerMap.MotionControllerMap_C' with ClassGeneratedBy '/Game/VirtualRealityBP/Maps/MotionControllerMap.MotionControllerMap:PersistentLevel.MotionControllerMap'
[2018.04.03-16.20.23:751][467]LogBlueprintUserMessages: Late EndPlayMap Detection: Level '/Game/VirtualRealityBP/Maps/MotionControllerMap.MotionControllerMap:PersistentLevel' has LevelScriptBlueprint '/Game/VirtualRealityBP/Maps/MotionControllerMap.MotionControllerMap:PersistentLevel.MotionControllerMap' with GeneratedClass '/Game/VirtualRealityBP/Maps/MotionControllerMap.MotionControllerMap_C' with ClassGeneratedBy '/Game/VirtualRealityBP/Maps/MotionControllerMap.MotionControllerMap:PersistentLevel.MotionControllerMap'
[2018.04.03-16.20.25:280][647]LogTemp: Repeating last play command: Simulate
[2018.04.03-16.20.25:294][647]LogBlueprintUserMessages: Early PlayInEditor Detection: Level '/Game/VirtualRealityBP/Maps/MotionControllerMap.MotionControllerMap:PersistentLevel' has LevelScriptBlueprint '/Game/VirtualRealityBP/Maps/MotionControllerMap.MotionControllerMap:PersistentLevel.MotionControllerMap' with GeneratedClass '/Game/VirtualRealityBP/Maps/MotionControllerMap.MotionControllerMap_C' with ClassGeneratedBy '/Game/VirtualRealityBP/Maps/MotionControllerMap.MotionControllerMap:PersistentLevel.MotionControllerMap'
[2018.04.03-16.20.25:295][647]LogPlayLevel: PlayLevel: No blueprints needed recompiling
[2018.04.03-16.20.25:295][647]PIE: New page: SIE session: MotionControllerMap (Apr 3, 2018, 8:20:25 AM)
[2018.04.03-16.20.25:295][647]LogPlayLevel: Creating play world package: /Game/VirtualRealityBP/Maps/UEDPIE_0_MotionControllerMap
[2018.04.03-16.20.25:304][647]LogPlayLevel: PIE: StaticDuplicateObject took: (0.009524s)
[2018.04.03-16.20.25:305][647]LogAIModule: Creating AISystem for world MotionControllerMap
[2018.04.03-16.20.25:305][647]LogPlayLevel: PIE: World Init took: (0.000641s)
[2018.04.03-16.20.25:305][647]LogPlayLevel: PIE: Created PIE world by copying editor world from /Game/VirtualRealityBP/Maps/MotionControllerMap.MotionControllerMap to /Game/VirtualRealityBP/Maps/UEDPIE_0_MotionControllerMap.MotionControllerMap (0.010395s)
[2018.04.03-16.20.25:322][647]LogInit: XAudio2 using 'Speakers / Headphones (Realtek High Definition Audio)' : 2 channels at 48 kHz using 32 bits per sample (channel mask 0x3)
[2018.04.03-16.20.25:338][647]LogInit: FAudioDevice initialized.
[2018.04.03-16.20.25:370][647]LogUObjectGlobals: Warning: Failed to find object 'Class None.'
[2018.04.03-16.20.25:370][647]LogLoad: Game class is 'GameModeBase'
[2018.04.03-16.20.25:372][647]LogWorld: Bringing World /Game/VirtualRealityBP/Maps/UEDPIE_0_MotionControllerMap.MotionControllerMap up for play (max tick rate 0) at 2018.04.03-12.20.25
[2018.04.03-16.20.25:372][647]LogWorld: Bringing up level for play took: 0.001940
[2018.04.03-16.20.25:372][647]LogGameMode: FindPlayerStart: PATHS NOT DEFINED or NO PLAYERSTART with positive rating
[2018.04.03-16.20.25:375][647]PIE: Play in editor start time for /Game/VirtualRealityBP/Maps/UEDPIE_0_MotionControllerMap -0.469
[2018.04.03-16.20.25:383][647]LogBlueprintUserMessages: Late PlayInEditor Detection: Level '/Game/VirtualRealityBP/Maps/MotionControllerMap.MotionControllerMap:PersistentLevel' has LevelScriptBlueprint '/Game/VirtualRealityBP/Maps/MotionControllerMap.MotionControllerMap:PersistentLevel.MotionControllerMap' with GeneratedClass '/Game/VirtualRealityBP/Maps/MotionControllerMap.MotionControllerMap_C' with ClassGeneratedBy '/Game/VirtualRealityBP/Maps/MotionControllerMap.MotionControllerMap:PersistentLevel.MotionControllerMap'
[2018.04.03-16.20.26:733][808]LogBlueprintUserMessages: Early EndPlayMap Detection: Level '/Game/VirtualRealityBP/Maps/MotionControllerMap.MotionControllerMap:PersistentLevel' has LevelScriptBlueprint '/Game/VirtualRealityBP/Maps/MotionControllerMap.MotionControllerMap:PersistentLevel.MotionControllerMap' with GeneratedClass '/Game/VirtualRealityBP/Maps/MotionControllerMap.MotionControllerMap_C' with ClassGeneratedBy '/Game/VirtualRealityBP/Maps/MotionControllerMap.MotionControllerMap:PersistentLevel.MotionControllerMap'
[2018.04.03-16.20.26:767][808]LogBlueprintUserMessages: Late EndPlayMap Detection: Level '/Game/VirtualRealityBP/Maps/MotionControllerMap.MotionControllerMap:PersistentLevel' has LevelScriptBlueprint '/Game/VirtualRealityBP/Maps/MotionControllerMap.MotionControllerMap:PersistentLevel.MotionControllerMap' with GeneratedClass '/Game/VirtualRealityBP/Maps/MotionControllerMap.MotionControllerMap_C' with ClassGeneratedBy '/Game/VirtualRealityBP/Maps/MotionControllerMap.MotionControllerMap:PersistentLevel.MotionControllerMap'
[2018.04.03-16.21.37:851][143]LogHotReload: New module detected: UE4Editor-VRBase-4270-Win64-DebugGame.dll
[2018.04.03-16.21.38:532][146]LogHotReload: Starting Hot-Reload from IDE
[2018.04.03-16.21.38:655][146]LogContentBrowser: Native class hierarchy updated for 'VRBase' in 0.0056 seconds. Added 5 classes and 6 folders.
[2018.04.03-16.21.38:657][146]Display: HotReload successful (0 functions remapped  0 scriptstructs remapped)
[2018.04.03-16.21.38:691][146]LogContentBrowser: Native class hierarchy populated in 0.0138 seconds. Added 2393 classes and 510 folders.
[2018.04.03-16.21.38:698][146]Display: HotReload took  0.2s.
[2018.04.03-16.22.18:462][ 10]LogTemp: Repeating last play command: Simulate
[2018.04.03-16.22.18:477][ 10]LogBlueprintUserMessages: Early PlayInEditor Detection: Level '/Game/VirtualRealityBP/Maps/MotionControllerMap.MotionControllerMap:PersistentLevel' has LevelScriptBlueprint '/Game/VirtualRealityBP/Maps/MotionControllerMap.MotionControllerMap:PersistentLevel.MotionControllerMap' with GeneratedClass '/Game/VirtualRealityBP/Maps/MotionControllerMap.MotionControllerMap_C' with ClassGeneratedBy '/Game/VirtualRealityBP/Maps/MotionControllerMap.MotionControllerMap:PersistentLevel.MotionControllerMap'
[2018.04.03-16.22.18:477][ 10]LogPlayLevel: PlayLevel: No blueprints needed recompiling
[2018.04.03-16.22.18:477][ 10]PIE: New page: SIE session: MotionControllerMap (Apr 3, 2018, 8:22:18 AM)
[2018.04.03-16.22.18:477][ 10]LogPlayLevel: Creating play world package: /Game/VirtualRealityBP/Maps/UEDPIE_0_MotionControllerMap
[2018.04.03-16.22.18:929][ 10]LogPlayLevel: PIE: StaticDuplicateObject took: (0.451668s)
[2018.04.03-16.22.18:930][ 10]LogAIModule: Creating AISystem for world MotionControllerMap
[2018.04.03-16.22.18:930][ 10]LogPlayLevel: PIE: World Init took: (0.000843s)
[2018.04.03-16.22.18:930][ 10]LogPlayLevel: PIE: Created PIE world by copying editor world from /Game/VirtualRealityBP/Maps/MotionControllerMap.MotionControllerMap to /Game/VirtualRealityBP/Maps/UEDPIE_0_MotionControllerMap.MotionControllerMap (0.452770s)
[2018.04.03-16.22.18:948][ 10]LogInit: XAudio2 using 'Speakers / Headphones (Realtek High Definition Audio)' : 2 channels at 48 kHz using 32 bits per sample (channel mask 0x3)
[2018.04.03-16.22.18:965][ 10]LogInit: FAudioDevice initialized.
[2018.04.03-16.22.18:999][ 10]LogUObjectGlobals: Warning: Failed to find object 'Class None.'
[2018.04.03-16.22.18:999][ 10]LogLoad: Game class is 'GameModeBase'
[2018.04.03-16.22.19:001][ 10]LogWorld: Bringing World /Game/VirtualRealityBP/Maps/UEDPIE_0_MotionControllerMap.MotionControllerMap up for play (max tick rate 0) at 2018.04.03-12.22.19
[2018.04.03-16.22.19:001][ 10]LogWorld: Bringing up level for play took: 0.002350
[2018.04.03-16.22.19:002][ 10]LogGameMode: FindPlayerStart: PATHS NOT DEFINED or NO PLAYERSTART with positive rating
[2018.04.03-16.22.19:004][ 10]PIE: Play in editor start time for /Game/VirtualRealityBP/Maps/UEDPIE_0_MotionControllerMap 1.16
[2018.04.03-16.22.19:013][ 10]LogBlueprintUserMessages: Late PlayInEditor Detection: Level '/Game/VirtualRealityBP/Maps/MotionControllerMap.MotionControllerMap:PersistentLevel' has LevelScriptBlueprint '/Game/VirtualRealityBP/Maps/MotionControllerMap.MotionControllerMap:PersistentLevel.MotionControllerMap' with GeneratedClass '/Game/VirtualRealityBP/Maps/MotionControllerMap.MotionControllerMap_C' with ClassGeneratedBy '/Game/VirtualRealityBP/Maps/MotionControllerMap.MotionControllerMap:PersistentLevel.MotionControllerMap'
[2018.04.03-16.22.27:219][938]LogBlueprintUserMessages: Early EndPlayMap Detection: Level '/Game/VirtualRealityBP/Maps/MotionControllerMap.MotionControllerMap:PersistentLevel' has LevelScriptBlueprint '/Game/VirtualRealityBP/Maps/MotionControllerMap.MotionControllerMap:PersistentLevel.MotionControllerMap' with GeneratedClass '/Game/VirtualRealityBP/Maps/MotionControllerMap.MotionControllerMap_C' with ClassGeneratedBy '/Game/VirtualRealityBP/Maps/MotionControllerMap.MotionControllerMap:PersistentLevel.MotionControllerMap'
[2018.04.03-16.22.27:257][938]LogBlueprintUserMessages: Late EndPlayMap Detection: Level '/Game/VirtualRealityBP/Maps/MotionControllerMap.MotionControllerMap:PersistentLevel' has LevelScriptBlueprint '/Game/VirtualRealityBP/Maps/MotionControllerMap.MotionControllerMap:PersistentLevel.MotionControllerMap' with GeneratedClass '/Game/VirtualRealityBP/Maps/MotionControllerMap.MotionControllerMap_C' with ClassGeneratedBy '/Game/VirtualRealityBP/Maps/MotionControllerMap.MotionControllerMap:PersistentLevel.MotionControllerMap'
[2018.04.03-16.22.42:432][720]LogTemp: Repeating last play command: Simulate
[2018.04.03-16.22.42:447][720]LogBlueprintUserMessages: Early PlayInEditor Detection: Level '/Game/VirtualRealityBP/Maps/MotionControllerMap.MotionControllerMap:PersistentLevel' has LevelScriptBlueprint '/Game/VirtualRealityBP/Maps/MotionControllerMap.MotionControllerMap:PersistentLevel.MotionControllerMap' with GeneratedClass '/Game/VirtualRealityBP/Maps/MotionControllerMap.MotionControllerMap_C' with ClassGeneratedBy '/Game/VirtualRealityBP/Maps/MotionControllerMap.MotionControllerMap:PersistentLevel.MotionControllerMap'
[2018.04.03-16.22.42:447][720]LogPlayLevel: PlayLevel: No blueprints needed recompiling
[2018.04.03-16.22.42:447][720]PIE: New page: SIE session: MotionControllerMap (Apr 3, 2018, 8:22:42 AM)
[2018.04.03-16.22.42:447][720]LogPlayLevel: Creating play world package: /Game/VirtualRealityBP/Maps/UEDPIE_0_MotionControllerMap
[2018.04.03-16.22.42:457][720]LogPlayLevel: PIE: StaticDuplicateObject took: (0.009637s)
[2018.04.03-16.22.42:457][720]LogAIModule: Creating AISystem for world MotionControllerMap
[2018.04.03-16.22.42:457][720]LogPlayLevel: PIE: World Init took: (0.000616s)
[2018.04.03-16.22.42:457][720]LogPlayLevel: PIE: Created PIE world by copying editor world from /Game/VirtualRealityBP/Maps/MotionControllerMap.MotionControllerMap to /Game/VirtualRealityBP/Maps/UEDPIE_0_MotionControllerMap.MotionControllerMap (0.010476s)
[2018.04.03-16.22.42:475][720]LogInit: XAudio2 using 'Speakers / Headphones (Realtek High Definition Audio)' : 2 channels at 48 kHz using 32 bits per sample (channel mask 0x3)
[2018.04.03-16.22.42:491][720]LogInit: FAudioDevice initialized.
[2018.04.03-16.22.42:521][720]LogUObjectGlobals: Warning: Failed to find object 'Class None.'
[2018.04.03-16.22.42:521][720]LogLoad: Game class is 'GameModeBase'
[2018.04.03-16.22.42:523][720]LogWorld: Bringing World /Game/VirtualRealityBP/Maps/UEDPIE_0_MotionControllerMap.MotionControllerMap up for play (max tick rate 0) at 2018.04.03-12.22.42
[2018.04.03-16.22.42:523][720]LogWorld: Bringing up level for play took: 0.002017
[2018.04.03-16.22.42:524][720]LogGameMode: FindPlayerStart: PATHS NOT DEFINED or NO PLAYERSTART with positive rating
[2018.04.03-16.22.42:526][720]PIE: Play in editor start time for /Game/VirtualRealityBP/Maps/UEDPIE_0_MotionControllerMap 0.683
[2018.04.03-16.22.42:536][720]LogBlueprintUserMessages: Late PlayInEditor Detection: Level '/Game/VirtualRealityBP/Maps/MotionControllerMap.MotionControllerMap:PersistentLevel' has LevelScriptBlueprint '/Game/VirtualRealityBP/Maps/MotionControllerMap.MotionControllerMap:PersistentLevel.MotionControllerMap' with GeneratedClass '/Game/VirtualRealityBP/Maps/MotionControllerMap.MotionControllerMap_C' with ClassGeneratedBy '/Game/VirtualRealityBP/Maps/MotionControllerMap.MotionControllerMap:PersistentLevel.MotionControllerMap'
[2018.04.03-16.23.58:806][457]LogHotReload: New module detected: UE4Editor-VRBase-1560-Win64-DebugGame.dll
[2018.04.03-16.23.59:154][459]LogHotReload: Starting Hot-Reload from IDE
[2018.04.03-16.23.59:274][459]LogContentBrowser: Native class hierarchy updated for 'VRBase' in 0.0060 seconds. Added 5 classes and 6 folders.
[2018.04.03-16.23.59:276][459]Display: HotReload successful (0 functions remapped  0 scriptstructs remapped)
[2018.04.03-16.23.59:311][459]LogContentBrowser: Native class hierarchy populated in 0.0141 seconds. Added 2393 classes and 510 folders.
[2018.04.03-16.23.59:328][459]Display: HotReload took  0.2s.
[2018.04.03-16.25.46:779][464]LogBlueprintUserMessages: Early EndPlayMap Detection: Level '/Game/VirtualRealityBP/Maps/MotionControllerMap.MotionControllerMap:PersistentLevel' has LevelScriptBlueprint '/Game/VirtualRealityBP/Maps/MotionControllerMap.MotionControllerMap:PersistentLevel.MotionControllerMap' with GeneratedClass '/Game/VirtualRealityBP/Maps/MotionControllerMap.MotionControllerMap_C' with ClassGeneratedBy '/Game/VirtualRealityBP/Maps/MotionControllerMap.MotionControllerMap:PersistentLevel.MotionControllerMap'
[2018.04.03-16.25.46:814][464]LogBlueprintUserMessages: Late EndPlayMap Detection: Level '/Game/VirtualRealityBP/Maps/MotionControllerMap.MotionControllerMap:PersistentLevel' has LevelScriptBlueprint '/Game/VirtualRealityBP/Maps/MotionControllerMap.MotionControllerMap:PersistentLevel.MotionControllerMap' with GeneratedClass '/Game/VirtualRealityBP/Maps/MotionControllerMap.MotionControllerMap_C' with ClassGeneratedBy '/Game/VirtualRealityBP/Maps/MotionControllerMap.MotionControllerMap:PersistentLevel.MotionControllerMap'
[2018.04.03-16.25.50:933][952]LogTemp: Repeating last play command: Simulate
[2018.04.03-16.25.50:948][952]LogBlueprintUserMessages: Early PlayInEditor Detection: Level '/Game/VirtualRealityBP/Maps/MotionControllerMap.MotionControllerMap:PersistentLevel' has LevelScriptBlueprint '/Game/VirtualRealityBP/Maps/MotionControllerMap.MotionControllerMap:PersistentLevel.MotionControllerMap' with GeneratedClass '/Game/VirtualRealityBP/Maps/MotionControllerMap.MotionControllerMap_C' with ClassGeneratedBy '/Game/VirtualRealityBP/Maps/MotionControllerMap.MotionControllerMap:PersistentLevel.MotionControllerMap'
[2018.04.03-16.25.50:948][952]LogPlayLevel: PlayLevel: No blueprints needed recompiling
[2018.04.03-16.25.50:948][952]PIE: New page: SIE session: MotionControllerMap (Apr 3, 2018, 8:25:50 AM)
[2018.04.03-16.25.50:948][952]LogPlayLevel: Creating play world package: /Game/VirtualRealityBP/Maps/UEDPIE_0_MotionControllerMap
[2018.04.03-16.25.51:512][952]LogPlayLevel: PIE: StaticDuplicateObject took: (0.563926s)
[2018.04.03-16.25.51:513][952]LogAIModule: Creating AISystem for world MotionControllerMap
[2018.04.03-16.25.51:513][952]LogPlayLevel: PIE: World Init took: (0.000738s)
[2018.04.03-16.25.51:513][952]LogPlayLevel: PIE: Created PIE world by copying editor world from /Game/VirtualRealityBP/Maps/MotionControllerMap.MotionControllerMap to /Game/VirtualRealityBP/Maps/UEDPIE_0_MotionControllerMap.MotionControllerMap (0.564915s)
[2018.04.03-16.25.51:530][952]LogInit: XAudio2 using 'Speakers / Headphones (Realtek High Definition Audio)' : 2 channels at 48 kHz using 32 bits per sample (channel mask 0x3)
[2018.04.03-16.25.51:546][952]LogInit: FAudioDevice initialized.
[2018.04.03-16.25.51:576][952]LogUObjectGlobals: Warning: Failed to find object 'Class None.'
[2018.04.03-16.25.51:576][952]LogLoad: Game class is 'GameModeBase'
[2018.04.03-16.25.51:579][952]LogWorld: Bringing World /Game/VirtualRealityBP/Maps/UEDPIE_0_MotionControllerMap.MotionControllerMap up for play (max tick rate 0) at 2018.04.03-12.25.51
[2018.04.03-16.25.51:579][952]LogWorld: Bringing up level for play took: 0.002127
[2018.04.03-16.25.51:579][952]LogGameMode: FindPlayerStart: PATHS NOT DEFINED or NO PLAYERSTART with positive rating
[2018.04.03-16.25.51:582][952]PIE: Play in editor start time for /Game/VirtualRealityBP/Maps/UEDPIE_0_MotionControllerMap -0.262
[2018.04.03-16.25.51:591][952]LogBlueprintUserMessages: Late PlayInEditor Detection: Level '/Game/VirtualRealityBP/Maps/MotionControllerMap.MotionControllerMap:PersistentLevel' has LevelScriptBlueprint '/Game/VirtualRealityBP/Maps/MotionControllerMap.MotionControllerMap:PersistentLevel.MotionControllerMap' with GeneratedClass '/Game/VirtualRealityBP/Maps/MotionControllerMap.MotionControllerMap_C' with ClassGeneratedBy '/Game/VirtualRealityBP/Maps/MotionControllerMap.MotionControllerMap:PersistentLevel.MotionControllerMap'
[2018.04.03-16.25.57:110][544]LogBlueprintUserMessages: Early EndPlayMap Detection: Level '/Game/VirtualRealityBP/Maps/MotionControllerMap.MotionControllerMap:PersistentLevel' has LevelScriptBlueprint '/Game/VirtualRealityBP/Maps/MotionControllerMap.MotionControllerMap:PersistentLevel.MotionControllerMap' with GeneratedClass '/Game/VirtualRealityBP/Maps/MotionControllerMap.MotionControllerMap_C' with ClassGeneratedBy '/Game/VirtualRealityBP/Maps/MotionControllerMap.MotionControllerMap:PersistentLevel.MotionControllerMap'
[2018.04.03-16.25.57:149][544]LogBlueprintUserMessages: Late EndPlayMap Detection: Level '/Game/VirtualRealityBP/Maps/MotionControllerMap.MotionControllerMap:PersistentLevel' has LevelScriptBlueprint '/Game/VirtualRealityBP/Maps/MotionControllerMap.MotionControllerMap:PersistentLevel.MotionControllerMap' with GeneratedClass '/Game/VirtualRealityBP/Maps/MotionControllerMap.MotionControllerMap_C' with ClassGeneratedBy '/Game/VirtualRealityBP/Maps/MotionControllerMap.MotionControllerMap:PersistentLevel.MotionControllerMap'
[2018.04.03-16.26.11:249][356]LogEditor: Attempting to add actor of class 'GameRules' to level at -210.00,60.00,200.00
[2018.04.03-16.26.11:705][409]LogEditor: Attempting to add actor of class 'GameRules' to level at -160.00,-40.00,200.00
[2018.04.03-16.27.03:321][980]LogTemp: Repeating last play command: Simulate
[2018.04.03-16.27.03:335][980]LogBlueprintUserMessages: Early PlayInEditor Detection: Level '/Game/VirtualRealityBP/Maps/MotionControllerMap.MotionControllerMap:PersistentLevel' has LevelScriptBlueprint '/Game/VirtualRealityBP/Maps/MotionControllerMap.MotionControllerMap:PersistentLevel.MotionControllerMap' with GeneratedClass '/Game/VirtualRealityBP/Maps/MotionControllerMap.MotionControllerMap_C' with ClassGeneratedBy '/Game/VirtualRealityBP/Maps/MotionControllerMap.MotionControllerMap:PersistentLevel.MotionControllerMap'
[2018.04.03-16.27.03:335][980]LogPlayLevel: PlayLevel: No blueprints needed recompiling
[2018.04.03-16.27.03:336][980]PIE: New page: SIE session: MotionControllerMap (Apr 3, 2018, 8:27:03 AM)
[2018.04.03-16.27.03:336][980]LogPlayLevel: Creating play world package: /Game/VirtualRealityBP/Maps/UEDPIE_0_MotionControllerMap
[2018.04.03-16.27.03:346][980]LogPlayLevel: PIE: StaticDuplicateObject took: (0.009884s)
[2018.04.03-16.27.03:346][980]LogAIModule: Creating AISystem for world MotionControllerMap
[2018.04.03-16.27.03:346][980]LogPlayLevel: PIE: World Init took: (0.000735s)
[2018.04.03-16.27.03:347][980]LogPlayLevel: PIE: Created PIE world by copying editor world from /Game/VirtualRealityBP/Maps/MotionControllerMap.MotionControllerMap to /Game/VirtualRealityBP/Maps/UEDPIE_0_MotionControllerMap.MotionControllerMap (0.010878s)
[2018.04.03-16.27.03:365][980]LogInit: XAudio2 using 'Speakers / Headphones (Realtek High Definition Audio)' : 2 channels at 48 kHz using 32 bits per sample (channel mask 0x3)
[2018.04.03-16.27.03:381][980]LogInit: FAudioDevice initialized.
[2018.04.03-16.27.03:413][980]LogUObjectGlobals: Warning: Failed to find object 'Class None.'
[2018.04.03-16.27.03:413][980]LogLoad: Game class is 'GameModeBase'
[2018.04.03-16.27.03:415][980]LogWorld: Bringing World /Game/VirtualRealityBP/Maps/UEDPIE_0_MotionControllerMap.MotionControllerMap up for play (max tick rate 0) at 2018.04.03-12.27.03
[2018.04.03-16.27.03:416][980]LogWorld: Bringing up level for play took: 0.002416
[2018.04.03-16.27.03:416][980]LogGameMode: FindPlayerStart: PATHS NOT DEFINED or NO PLAYERSTART with positive rating
[2018.04.03-16.27.03:419][980]PIE: Play in editor start time for /Game/VirtualRealityBP/Maps/UEDPIE_0_MotionControllerMap -0.425
[2018.04.03-16.27.03:428][980]LogBlueprintUserMessages: Late PlayInEditor Detection: Level '/Game/VirtualRealityBP/Maps/MotionControllerMap.MotionControllerMap:PersistentLevel' has LevelScriptBlueprint '/Game/VirtualRealityBP/Maps/MotionControllerMap.MotionControllerMap:PersistentLevel.MotionControllerMap' with GeneratedClass '/Game/VirtualRealityBP/Maps/MotionControllerMap.MotionControllerMap_C' with ClassGeneratedBy '/Game/VirtualRealityBP/Maps/MotionControllerMap.MotionControllerMap:PersistentLevel.MotionControllerMap'
[2018.04.03-16.27.03:471][980]LogSlate: Took 0.041004 seconds to synchronously load lazily loaded font '../../../Engine/Content/Slate/Fonts/DroidSansFallback.ttf' (3848K)
[2018.04.03-16.27.03:543][980]LogSlate: Took 0.063095 seconds to synchronously load lazily loaded font '../../../Engine/Content/SlateDebug/Fonts/LastResort.ttf' (5269K)
[2018.04.03-16.27.23:378][334]LogBlueprintUserMessages: Early EndPlayMap Detection: Level '/Game/VirtualRealityBP/Maps/MotionControllerMap.MotionControllerMap:PersistentLevel' has LevelScriptBlueprint '/Game/VirtualRealityBP/Maps/MotionControllerMap.MotionControllerMap:PersistentLevel.MotionControllerMap' with GeneratedClass '/Game/VirtualRealityBP/Maps/MotionControllerMap.MotionControllerMap_C' with ClassGeneratedBy '/Game/VirtualRealityBP/Maps/MotionControllerMap.MotionControllerMap:PersistentLevel.MotionControllerMap'
[2018.04.03-16.27.23:413][334]LogBlueprintUserMessages: Late EndPlayMap Detection: Level '/Game/VirtualRealityBP/Maps/MotionControllerMap.MotionControllerMap:PersistentLevel' has LevelScriptBlueprint '/Game/VirtualRealityBP/Maps/MotionControllerMap.MotionControllerMap:PersistentLevel.MotionControllerMap' with GeneratedClass '/Game/VirtualRealityBP/Maps/MotionControllerMap.MotionControllerMap_C' with ClassGeneratedBy '/Game/VirtualRealityBP/Maps/MotionControllerMap.MotionControllerMap:PersistentLevel.MotionControllerMap'
[2018.04.03-16.27.32:762][314]LogSavePackage: Save=130.54ms
[2018.04.03-16.27.32:762][314]LogSavePackage: Moving '../../../../../../Users/Public/Documents/Public Projects/VRBase/Saved/UEDPCMotionControllerMap08DFACF04EED6D9E15E0E78E1A1CF202.tmp' to '../../../../../../Users/Public/Documents/Public Projects/VRBase/Saved/Autosaves/Game/VirtualRealityBP/Maps/UEDPCMotionControllerMap.umap'
[2018.04.03-16.27.32:764][314]LogSavePackage: Display: Finished SavePackage ../../../../../../Users/Public/Documents/Public Projects/VRBase/Saved/Autosaves/Game/VirtualRealityBP/Maps/UEDPCMotionControllerMap.umap
[2018.04.03-16.27.32:774][314]LogEditorTransaction: Undo Spawn Play From Here Start
[2018.04.03-16.27.32:916][314]LogHMD: Warning: Standalone game VR not supported, please use VR Preview.
[2018.04.03-16.31.14:305][572]LogSlate: Took 0.000331 seconds to synchronously load lazily loaded font '../../../Engine/Content/Slate/Fonts/Roboto-Light.ttf' (159K)
[2018.04.03-16.31.23:463][599]LogSavePackage: Save=127.67ms
[2018.04.03-16.31.23:463][599]LogSavePackage: Moving '../../../../../../Users/Public/Documents/Public Projects/VRBase/Saved/MotionControllerMap_Auto1B3CE269645FADC72F583359062176CF2.tmp' to '../../../../../../Users/Public/Documents/Public Projects/VRBase/Saved/Autosaves/Game/VirtualRealityBP/Maps/MotionControllerMap_Auto1.umap'
[2018.04.03-16.31.23:465][599]LogSavePackage: Display: Finished SavePackage ../../../../../../Users/Public/Documents/Public Projects/VRBase/Saved/Autosaves/Game/VirtualRealityBP/Maps/MotionControllerMap_Auto1.umap
[2018.04.03-16.31.23:468][599]LogFileHelpers: Editor autosave (incl. sublevels) for '/Game/VirtualRealityBP/Maps/MotionControllerMap' took 0.150
[2018.04.03-16.31.23:468][599]LogFileHelpers: Editor autosave (incl. sublevels) for all levels took 0.150
[2018.04.03-16.33.07:404][ 33]LogBlueprintUserMessages: Early PlayInEditor Detection: Level '/Game/VirtualRealityBP/Maps/MotionControllerMap.MotionControllerMap:PersistentLevel' has LevelScriptBlueprint '/Game/VirtualRealityBP/Maps/MotionControllerMap.MotionControllerMap:PersistentLevel.MotionControllerMap' with GeneratedClass '/Game/VirtualRealityBP/Maps/MotionControllerMap.MotionControllerMap_C' with ClassGeneratedBy '/Game/VirtualRealityBP/Maps/MotionControllerMap.MotionControllerMap:PersistentLevel.MotionControllerMap'
[2018.04.03-16.33.07:405][ 33]LogPlayLevel: PlayLevel: No blueprints needed recompiling
[2018.04.03-16.33.07:405][ 33]PIE: New page: SIE session: MotionControllerMap (Apr 3, 2018, 8:33:07 AM)
[2018.04.03-16.33.07:405][ 33]LogPlayLevel: Creating play world package: /Game/VirtualRealityBP/Maps/UEDPIE_0_MotionControllerMap
[2018.04.03-16.33.07:415][ 33]LogPlayLevel: PIE: StaticDuplicateObject took: (0.010349s)
[2018.04.03-16.33.07:416][ 33]LogAIModule: Creating AISystem for world MotionControllerMap
[2018.04.03-16.33.07:416][ 33]LogPlayLevel: PIE: World Init took: (0.000821s)
[2018.04.03-16.33.07:416][ 33]LogPlayLevel: PIE: Created PIE world by copying editor world from /Game/VirtualRealityBP/Maps/MotionControllerMap.MotionControllerMap to /Game/VirtualRealityBP/Maps/UEDPIE_0_MotionControllerMap.MotionControllerMap (0.011435s)
[2018.04.03-16.33.07:434][ 33]LogInit: XAudio2 using 'Speakers / Headphones (Realtek High Definition Audio)' : 2 channels at 48 kHz using 32 bits per sample (channel mask 0x3)
[2018.04.03-16.33.07:452][ 33]LogInit: FAudioDevice initialized.
[2018.04.03-16.33.07:486][ 33]LogUObjectGlobals: Warning: Failed to find object 'Class None.'
[2018.04.03-16.33.07:486][ 33]LogLoad: Game class is 'GameModeBase'
[2018.04.03-16.33.07:488][ 33]LogWorld: Bringing World /Game/VirtualRealityBP/Maps/UEDPIE_0_MotionControllerMap.MotionControllerMap up for play (max tick rate 0) at 2018.04.03-12.33.07
[2018.04.03-16.33.07:489][ 33]LogWorld: Bringing up level for play took: 0.002156
[2018.04.03-16.33.07:489][ 33]LogGameMode: FindPlayerStart: PATHS NOT DEFINED or NO PLAYERSTART with positive rating
[2018.04.03-16.33.07:492][ 33]PIE: Play in editor start time for /Game/VirtualRealityBP/Maps/UEDPIE_0_MotionControllerMap -0.352
[2018.04.03-16.33.07:501][ 33]LogBlueprintUserMessages: Late PlayInEditor Detection: Level '/Game/VirtualRealityBP/Maps/MotionControllerMap.MotionControllerMap:PersistentLevel' has LevelScriptBlueprint '/Game/VirtualRealityBP/Maps/MotionControllerMap.MotionControllerMap:PersistentLevel.MotionControllerMap' with GeneratedClass '/Game/VirtualRealityBP/Maps/MotionControllerMap.MotionControllerMap_C' with ClassGeneratedBy '/Game/VirtualRealityBP/Maps/MotionControllerMap.MotionControllerMap:PersistentLevel.MotionControllerMap'
[2018.04.03-16.41.25:491][223]LogBlueprintUserMessages: Early EndPlayMap Detection: Level '/Game/VirtualRealityBP/Maps/MotionControllerMap.MotionControllerMap:PersistentLevel' has LevelScriptBlueprint '/Game/VirtualRealityBP/Maps/MotionControllerMap.MotionControllerMap:PersistentLevel.MotionControllerMap' with GeneratedClass '/Game/VirtualRealityBP/Maps/MotionControllerMap.MotionControllerMap_C' with ClassGeneratedBy '/Game/VirtualRealityBP/Maps/MotionControllerMap.MotionControllerMap:PersistentLevel.MotionControllerMap'
[2018.04.03-16.41.25:531][223]LogBlueprintUserMessages: Late EndPlayMap Detection: Level '/Game/VirtualRealityBP/Maps/MotionControllerMap.MotionControllerMap:PersistentLevel' has LevelScriptBlueprint '/Game/VirtualRealityBP/Maps/MotionControllerMap.MotionControllerMap:PersistentLevel.MotionControllerMap' with GeneratedClass '/Game/VirtualRealityBP/Maps/MotionControllerMap.MotionControllerMap_C' with ClassGeneratedBy '/Game/VirtualRealityBP/Maps/MotionControllerMap.MotionControllerMap:PersistentLevel.MotionControllerMap'
[2018.04.03-16.41.26:480][329]LogTemp: Repeating last play command: Simulate
[2018.04.03-16.41.26:495][329]LogBlueprintUserMessages: Early PlayInEditor Detection: Level '/Game/VirtualRealityBP/Maps/MotionControllerMap.MotionControllerMap:PersistentLevel' has LevelScriptBlueprint '/Game/VirtualRealityBP/Maps/MotionControllerMap.MotionControllerMap:PersistentLevel.MotionControllerMap' with GeneratedClass '/Game/VirtualRealityBP/Maps/MotionControllerMap.MotionControllerMap_C' with ClassGeneratedBy '/Game/VirtualRealityBP/Maps/MotionControllerMap.MotionControllerMap:PersistentLevel.MotionControllerMap'
[2018.04.03-16.41.26:495][329]LogPlayLevel: PlayLevel: No blueprints needed recompiling
[2018.04.03-16.41.26:495][329]PIE: New page: SIE session: MotionControllerMap (Apr 3, 2018, 8:41:26 AM)
[2018.04.03-16.41.26:495][329]LogPlayLevel: Creating play world package: /Game/VirtualRealityBP/Maps/UEDPIE_0_MotionControllerMap
[2018.04.03-16.41.26:505][329]LogPlayLevel: PIE: StaticDuplicateObject took: (0.010161s)
[2018.04.03-16.41.26:506][329]LogAIModule: Creating AISystem for world MotionControllerMap
[2018.04.03-16.41.26:506][329]LogPlayLevel: PIE: World Init took: (0.000742s)
[2018.04.03-16.41.26:506][329]LogPlayLevel: PIE: Created PIE world by copying editor world from /Game/VirtualRealityBP/Maps/MotionControllerMap.MotionControllerMap to /Game/VirtualRealityBP/Maps/UEDPIE_0_MotionControllerMap.MotionControllerMap (0.011142s)
[2018.04.03-16.41.26:523][329]LogInit: XAudio2 using 'Speakers / Headphones (Realtek High Definition Audio)' : 2 channels at 48 kHz using 32 bits per sample (channel mask 0x3)
[2018.04.03-16.41.26:538][329]LogInit: FAudioDevice initialized.
[2018.04.03-16.41.26:571][329]LogUObjectGlobals: Warning: Failed to find object 'Class None.'
[2018.04.03-16.41.26:571][329]LogLoad: Game class is 'GameModeBase'
[2018.04.03-16.41.26:574][329]LogWorld: Bringing World /Game/VirtualRealityBP/Maps/UEDPIE_0_MotionControllerMap.MotionControllerMap up for play (max tick rate 0) at 2018.04.03-12.41.26
[2018.04.03-16.41.26:574][329]LogWorld: Bringing up level for play took: 0.002106
[2018.04.03-16.41.26:574][329]LogGameMode: FindPlayerStart: PATHS NOT DEFINED or NO PLAYERSTART with positive rating
[2018.04.03-16.41.26:577][329]PIE: Play in editor start time for /Game/VirtualRealityBP/Maps/UEDPIE_0_MotionControllerMap 0.733
[2018.04.03-16.41.26:585][329]LogBlueprintUserMessages: Late PlayInEditor Detection: Level '/Game/VirtualRealityBP/Maps/MotionControllerMap.MotionControllerMap:PersistentLevel' has LevelScriptBlueprint '/Game/VirtualRealityBP/Maps/MotionControllerMap.MotionControllerMap:PersistentLevel.MotionControllerMap' with GeneratedClass '/Game/VirtualRealityBP/Maps/MotionControllerMap.MotionControllerMap_C' with ClassGeneratedBy '/Game/VirtualRealityBP/Maps/MotionControllerMap.MotionControllerMap:PersistentLevel.MotionControllerMap'
[2018.04.03-16.41.38:307][718]LogBlueprintUserMessages: Early EndPlayMap Detection: Level '/Game/VirtualRealityBP/Maps/MotionControllerMap.MotionControllerMap:PersistentLevel' has LevelScriptBlueprint '/Game/VirtualRealityBP/Maps/MotionControllerMap.MotionControllerMap:PersistentLevel.MotionControllerMap' with GeneratedClass '/Game/VirtualRealityBP/Maps/MotionControllerMap.MotionControllerMap_C' with ClassGeneratedBy '/Game/VirtualRealityBP/Maps/MotionControllerMap.MotionControllerMap:PersistentLevel.MotionControllerMap'
[2018.04.03-16.41.38:346][718]LogBlueprintUserMessages: Late EndPlayMap Detection: Level '/Game/VirtualRealityBP/Maps/MotionControllerMap.MotionControllerMap:PersistentLevel' has LevelScriptBlueprint '/Game/VirtualRealityBP/Maps/MotionControllerMap.MotionControllerMap:PersistentLevel.MotionControllerMap' with GeneratedClass '/Game/VirtualRealityBP/Maps/MotionControllerMap.MotionControllerMap_C' with ClassGeneratedBy '/Game/VirtualRealityBP/Maps/MotionControllerMap.MotionControllerMap:PersistentLevel.MotionControllerMap'
[2018.04.03-16.41.39:087][798]LogTemp: Repeating last play command: Simulate
[2018.04.03-16.41.39:102][798]LogBlueprintUserMessages: Early PlayInEditor Detection: Level '/Game/VirtualRealityBP/Maps/MotionControllerMap.MotionControllerMap:PersistentLevel' has LevelScriptBlueprint '/Game/VirtualRealityBP/Maps/MotionControllerMap.MotionControllerMap:PersistentLevel.MotionControllerMap' with GeneratedClass '/Game/VirtualRealityBP/Maps/MotionControllerMap.MotionControllerMap_C' with ClassGeneratedBy '/Game/VirtualRealityBP/Maps/MotionControllerMap.MotionControllerMap:PersistentLevel.MotionControllerMap'
[2018.04.03-16.41.39:102][798]LogPlayLevel: PlayLevel: No blueprints needed recompiling
[2018.04.03-16.41.39:102][798]PIE: New page: SIE session: MotionControllerMap (Apr 3, 2018, 8:41:39 AM)
[2018.04.03-16.41.39:102][798]LogPlayLevel: Creating play world package: /Game/VirtualRealityBP/Maps/UEDPIE_0_MotionControllerMap
[2018.04.03-16.41.39:112][798]LogPlayLevel: PIE: StaticDuplicateObject took: (0.009699s)
[2018.04.03-16.41.39:112][798]LogAIModule: Creating AISystem for world MotionControllerMap
[2018.04.03-16.41.39:113][798]LogPlayLevel: PIE: World Init took: (0.000641s)
[2018.04.03-16.41.39:113][798]LogPlayLevel: PIE: Created PIE world by copying editor world from /Game/VirtualRealityBP/Maps/MotionControllerMap.MotionControllerMap to /Game/VirtualRealityBP/Maps/UEDPIE_0_MotionControllerMap.MotionControllerMap (0.010581s)
[2018.04.03-16.41.39:129][798]LogInit: XAudio2 using 'Speakers / Headphones (Realtek High Definition Audio)' : 2 channels at 48 kHz using 32 bits per sample (channel mask 0x3)
[2018.04.03-16.41.39:144][798]LogInit: FAudioDevice initialized.
[2018.04.03-16.41.39:175][798]LogUObjectGlobals: Warning: Failed to find object 'Class None.'
[2018.04.03-16.41.39:176][798]LogLoad: Game class is 'GameModeBase'
[2018.04.03-16.41.39:178][798]LogWorld: Bringing World /Game/VirtualRealityBP/Maps/UEDPIE_0_MotionControllerMap.MotionControllerMap up for play (max tick rate 0) at 2018.04.03-12.41.39
[2018.04.03-16.41.39:178][798]LogWorld: Bringing up level for play took: 0.002006
[2018.04.03-16.41.39:178][798]LogGameMode: FindPlayerStart: PATHS NOT DEFINED or NO PLAYERSTART with positive rating
[2018.04.03-16.41.39:181][798]PIE: Play in editor start time for /Game/VirtualRealityBP/Maps/UEDPIE_0_MotionControllerMap -0.663
[2018.04.03-16.41.39:189][798]LogBlueprintUserMessages: Late PlayInEditor Detection: Level '/Game/VirtualRealityBP/Maps/MotionControllerMap.MotionControllerMap:PersistentLevel' has LevelScriptBlueprint '/Game/VirtualRealityBP/Maps/MotionControllerMap.MotionControllerMap:PersistentLevel.MotionControllerMap' with GeneratedClass '/Game/VirtualRealityBP/Maps/MotionControllerMap.MotionControllerMap_C' with ClassGeneratedBy '/Game/VirtualRealityBP/Maps/MotionControllerMap.MotionControllerMap:PersistentLevel.MotionControllerMap'
[2018.04.03-16.41.50:821][174]LogBlueprintUserMessages: Early EndPlayMap Detection: Level '/Game/VirtualRealityBP/Maps/MotionControllerMap.MotionControllerMap:PersistentLevel' has LevelScriptBlueprint '/Game/VirtualRealityBP/Maps/MotionControllerMap.MotionControllerMap:PersistentLevel.MotionControllerMap' with GeneratedClass '/Game/VirtualRealityBP/Maps/MotionControllerMap.MotionControllerMap_C' with ClassGeneratedBy '/Game/VirtualRealityBP/Maps/MotionControllerMap.MotionControllerMap:PersistentLevel.MotionControllerMap'
[2018.04.03-16.41.50:855][174]LogBlueprintUserMessages: Late EndPlayMap Detection: Level '/Game/VirtualRealityBP/Maps/MotionControllerMap.MotionControllerMap:PersistentLevel' has LevelScriptBlueprint '/Game/VirtualRealityBP/Maps/MotionControllerMap.MotionControllerMap:PersistentLevel.MotionControllerMap' with GeneratedClass '/Game/VirtualRealityBP/Maps/MotionControllerMap.MotionControllerMap_C' with ClassGeneratedBy '/Game/VirtualRealityBP/Maps/MotionControllerMap.MotionControllerMap:PersistentLevel.MotionControllerMap'
[2018.04.03-16.41.51:566][253]LogTemp: Repeating last play command: Simulate
[2018.04.03-16.41.51:580][253]LogBlueprintUserMessages: Early PlayInEditor Detection: Level '/Game/VirtualRealityBP/Maps/MotionControllerMap.MotionControllerMap:PersistentLevel' has LevelScriptBlueprint '/Game/VirtualRealityBP/Maps/MotionControllerMap.MotionControllerMap:PersistentLevel.MotionControllerMap' with GeneratedClass '/Game/VirtualRealityBP/Maps/MotionControllerMap.MotionControllerMap_C' with ClassGeneratedBy '/Game/VirtualRealityBP/Maps/MotionControllerMap.MotionControllerMap:PersistentLevel.MotionControllerMap'
[2018.04.03-16.41.51:581][253]LogPlayLevel: PlayLevel: No blueprints needed recompiling
[2018.04.03-16.41.51:581][253]PIE: New page: SIE session: MotionControllerMap (Apr 3, 2018, 8:41:51 AM)
[2018.04.03-16.41.51:581][253]LogPlayLevel: Creating play world package: /Game/VirtualRealityBP/Maps/UEDPIE_0_MotionControllerMap
[2018.04.03-16.41.51:590][253]LogPlayLevel: PIE: StaticDuplicateObject took: (0.009642s)
[2018.04.03-16.41.51:591][253]LogAIModule: Creating AISystem for world MotionControllerMap
[2018.04.03-16.41.51:591][253]LogPlayLevel: PIE: World Init took: (0.000628s)
[2018.04.03-16.41.51:591][253]LogPlayLevel: PIE: Created PIE world by copying editor world from /Game/VirtualRealityBP/Maps/MotionControllerMap.MotionControllerMap to /Game/VirtualRealityBP/Maps/UEDPIE_0_MotionControllerMap.MotionControllerMap (0.010512s)
[2018.04.03-16.41.51:607][253]LogInit: XAudio2 using 'Speakers / Headphones (Realtek High Definition Audio)' : 2 channels at 48 kHz using 32 bits per sample (channel mask 0x3)
[2018.04.03-16.41.51:622][253]LogInit: FAudioDevice initialized.
[2018.04.03-16.41.51:655][253]LogUObjectGlobals: Warning: Failed to find object 'Class None.'
[2018.04.03-16.41.51:655][253]LogLoad: Game class is 'GameModeBase'
[2018.04.03-16.41.51:658][253]LogWorld: Bringing World /Game/VirtualRealityBP/Maps/UEDPIE_0_MotionControllerMap.MotionControllerMap up for play (max tick rate 0) at 2018.04.03-12.41.51
[2018.04.03-16.41.51:658][253]LogWorld: Bringing up level for play took: 0.002084
[2018.04.03-16.41.51:658][253]LogGameMode: FindPlayerStart: PATHS NOT DEFINED or NO PLAYERSTART with positive rating
[2018.04.03-16.41.51:661][253]PIE: Play in editor start time for /Game/VirtualRealityBP/Maps/UEDPIE_0_MotionControllerMap -0.183
[2018.04.03-16.41.51:669][253]LogBlueprintUserMessages: Late PlayInEditor Detection: Level '/Game/VirtualRealityBP/Maps/MotionControllerMap.MotionControllerMap:PersistentLevel' has LevelScriptBlueprint '/Game/VirtualRealityBP/Maps/MotionControllerMap.MotionControllerMap:PersistentLevel.MotionControllerMap' with GeneratedClass '/Game/VirtualRealityBP/Maps/MotionControllerMap.MotionControllerMap_C' with ClassGeneratedBy '/Game/VirtualRealityBP/Maps/MotionControllerMap.MotionControllerMap:PersistentLevel.MotionControllerMap'
[2018.04.03-16.42.00:584][279]LogBlueprintUserMessages: Early EndPlayMap Detection: Level '/Game/VirtualRealityBP/Maps/MotionControllerMap.MotionControllerMap:PersistentLevel' has LevelScriptBlueprint '/Game/VirtualRealityBP/Maps/MotionControllerMap.MotionControllerMap:PersistentLevel.MotionControllerMap' with GeneratedClass '/Game/VirtualRealityBP/Maps/MotionControllerMap.MotionControllerMap_C' with ClassGeneratedBy '/Game/VirtualRealityBP/Maps/MotionControllerMap.MotionControllerMap:PersistentLevel.MotionControllerMap'
[2018.04.03-16.42.00:619][279]LogBlueprintUserMessages: Late EndPlayMap Detection: Level '/Game/VirtualRealityBP/Maps/MotionControllerMap.MotionControllerMap:PersistentLevel' has LevelScriptBlueprint '/Game/VirtualRealityBP/Maps/MotionControllerMap.MotionControllerMap:PersistentLevel.MotionControllerMap' with GeneratedClass '/Game/VirtualRealityBP/Maps/MotionControllerMap.MotionControllerMap_C' with ClassGeneratedBy '/Game/VirtualRealityBP/Maps/MotionControllerMap.MotionControllerMap:PersistentLevel.MotionControllerMap'
[2018.04.03-16.42.04:227][696]LogEditorViewport: Clicking on Actor (LMB): GameRules (GameRules1)
[2018.04.03-16.42.14:412][872]Cmd: EDIT COPY
[2018.04.03-16.42.15:009][940]Cmd: EDIT PASTE
[2018.04.03-16.42.29:339][568]LogSlate: Took 0.010761 seconds to synchronously load lazily loaded font '../../../Engine/Content/Editor/Slate/Fonts/Roboto-Italic.ttf' (157K)
[2018.04.03-16.42.32:179][901]LogTemp: Repeating last play command: Simulate
[2018.04.03-16.42.32:194][901]LogBlueprintUserMessages: Early PlayInEditor Detection: Level '/Game/VirtualRealityBP/Maps/MotionControllerMap.MotionControllerMap:PersistentLevel' has LevelScriptBlueprint '/Game/VirtualRealityBP/Maps/MotionControllerMap.MotionControllerMap:PersistentLevel.MotionControllerMap' with GeneratedClass '/Game/VirtualRealityBP/Maps/MotionControllerMap.MotionControllerMap_C' with ClassGeneratedBy '/Game/VirtualRealityBP/Maps/MotionControllerMap.MotionControllerMap:PersistentLevel.MotionControllerMap'
[2018.04.03-16.42.32:194][901]LogPlayLevel: PlayLevel: No blueprints needed recompiling
[2018.04.03-16.42.32:194][901]PIE: New page: SIE session: MotionControllerMap (Apr 3, 2018, 8:42:32 AM)
[2018.04.03-16.42.32:194][901]LogPlayLevel: Creating play world package: /Game/VirtualRealityBP/Maps/UEDPIE_0_MotionControllerMap
[2018.04.03-16.42.32:204][901]LogPlayLevel: PIE: StaticDuplicateObject took: (0.009804s)
[2018.04.03-16.42.32:205][901]LogAIModule: Creating AISystem for world MotionControllerMap
[2018.04.03-16.42.32:205][901]LogPlayLevel: PIE: World Init took: (0.000646s)
[2018.04.03-16.42.32:205][901]LogPlayLevel: PIE: Created PIE world by copying editor world from /Game/VirtualRealityBP/Maps/MotionControllerMap.MotionControllerMap to /Game/VirtualRealityBP/Maps/UEDPIE_0_MotionControllerMap.MotionControllerMap (0.010683s)
[2018.04.03-16.42.32:222][901]LogInit: XAudio2 using 'Speakers / Headphones (Realtek High Definition Audio)' : 2 channels at 48 kHz using 32 bits per sample (channel mask 0x3)
[2018.04.03-16.42.32:238][901]LogInit: FAudioDevice initialized.
[2018.04.03-16.42.32:270][901]LogUObjectGlobals: Warning: Failed to find object 'Class None.'
[2018.04.03-16.42.32:270][901]LogLoad: Game class is 'GameModeBase'
[2018.04.03-16.42.32:273][901]LogWorld: Bringing World /Game/VirtualRealityBP/Maps/UEDPIE_0_MotionControllerMap.MotionControllerMap up for play (max tick rate 0) at 2018.04.03-12.42.32
[2018.04.03-16.42.32:273][901]LogWorld: Bringing up level for play took: 0.002131
[2018.04.03-16.42.32:273][901]LogGameMode: FindPlayerStart: PATHS NOT DEFINED or NO PLAYERSTART with positive rating
[2018.04.03-16.42.32:276][901]PIE: Play in editor start time for /Game/VirtualRealityBP/Maps/UEDPIE_0_MotionControllerMap 0.432
[2018.04.03-16.42.32:284][901]LogBlueprintUserMessages: Late PlayInEditor Detection: Level '/Game/VirtualRealityBP/Maps/MotionControllerMap.MotionControllerMap:PersistentLevel' has LevelScriptBlueprint '/Game/VirtualRealityBP/Maps/MotionControllerMap.MotionControllerMap:PersistentLevel.MotionControllerMap' with GeneratedClass '/Game/VirtualRealityBP/Maps/MotionControllerMap.MotionControllerMap_C' with ClassGeneratedBy '/Game/VirtualRealityBP/Maps/MotionControllerMap.MotionControllerMap:PersistentLevel.MotionControllerMap'
[2018.04.03-16.43.17:209][204]LogBlueprintUserMessages: Early EndPlayMap Detection: Level '/Game/VirtualRealityBP/Maps/MotionControllerMap.MotionControllerMap:PersistentLevel' has LevelScriptBlueprint '/Game/VirtualRealityBP/Maps/MotionControllerMap.MotionControllerMap:PersistentLevel.MotionControllerMap' with GeneratedClass '/Game/VirtualRealityBP/Maps/MotionControllerMap.MotionControllerMap_C' with ClassGeneratedBy '/Game/VirtualRealityBP/Maps/MotionControllerMap.MotionControllerMap:PersistentLevel.MotionControllerMap'
[2018.04.03-16.43.17:247][204]LogBlueprintUserMessages: Late EndPlayMap Detection: Level '/Game/VirtualRealityBP/Maps/MotionControllerMap.MotionControllerMap:PersistentLevel' has LevelScriptBlueprint '/Game/VirtualRealityBP/Maps/MotionControllerMap.MotionControllerMap:PersistentLevel.MotionControllerMap' with GeneratedClass '/Game/VirtualRealityBP/Maps/MotionControllerMap.MotionControllerMap_C' with ClassGeneratedBy '/Game/VirtualRealityBP/Maps/MotionControllerMap.MotionControllerMap:PersistentLevel.MotionControllerMap'
[2018.04.03-16.51.00:116][120]LogSavePackage: Save=129.11ms
[2018.04.03-16.51.00:116][120]LogSavePackage: Moving '../../../../../../Users/Public/Documents/Public Projects/VRBase/Saved/MotionControllerMap_Auto2928F1DDC45A6415B7DBE2A924829D447.tmp' to '../../../../../../Users/Public/Documents/Public Projects/VRBase/Saved/Autosaves/Game/VirtualRealityBP/Maps/MotionControllerMap_Auto2.umap'
[2018.04.03-16.51.00:119][120]LogSavePackage: Display: Finished SavePackage ../../../../../../Users/Public/Documents/Public Projects/VRBase/Saved/Autosaves/Game/VirtualRealityBP/Maps/MotionControllerMap_Auto2.umap
[2018.04.03-16.51.00:121][120]LogFileHelpers: Editor autosave (incl. sublevels) for '/Game/VirtualRealityBP/Maps/MotionControllerMap' took 0.279
[2018.04.03-16.51.00:121][120]LogFileHelpers: Editor autosave (incl. sublevels) for all levels took 0.279
